Log file open, 09/06/17 16:27:44
LogInit:Display: Running engine for game: MHawari_Tutorial1
LogPlatformFile: Not using cached read wrapper
LogInit:Display: RandInit(1739000884) SRandInit(1739000884).
LogTaskGraph: Started task graph with 5 named threads and 6 total threads with 1 sets of task threads.
LogStats: Stats thread started at 0.162252
LogInit: Using libcurl 7.47.1
LogInit:  - built for x86_64-pc-win32
LogInit:  - supports SSL with OpenSSL/1.0.2g
LogInit:  - supports HTTP deflate (compression) using libz 1.2.8
LogInit:  - other features:
LogInit:      CURL_VERSION_SSL
LogInit:      CURL_VERSION_LIBZ
LogInit:      CURL_VERSION_IPV6
LogInit:      CURL_VERSION_ASYNCHDNS
LogInit:      CURL_VERSION_LARGEFILE
LogInit:      CURL_VERSION_IDN
LogInit:  CurlRequestOptions (configurable via config and command line):
LogInit:  - bVerifyPeer = false  - Libcurl will NOT verify peer certificate
LogInit:  - bUseHttpProxy = false  - Libcurl will NOT use HTTP proxy
LogInit:  - bDontReuseConnections = false  - Libcurl will reuse connections
LogInit:  - CertBundlePath = nullptr  - Libcurl will use whatever was configured at build time.
LogInit: Build: ++UE4+Release-4.16-CL-3561208
LogInit: Engine Version: 4.16.3-3561208+++UE4+Release-4.16
LogInit: Compatible Engine Version: 4.16.0-3452394+++UE4+Release-4.16
LogInit: Net CL: 3452394
LogDevObjectVersion: Number of dev versions registered: 16
LogDevObjectVersion:   Dev-Blueprints (B0D832E4-1F89-4F0D-ACCF-7EB736FD4AA2): 9
LogDevObjectVersion:   Dev-Build (E1C64328-A22C-4D53-A36C-8E866417BD8C): 0
LogDevObjectVersion:   Dev-Core (375EC13C-06E4-48FB-B500-84F0262A717E): 2
LogDevObjectVersion:   Dev-Editor (E4B068ED-F494-42E9-A231-DA0B2E46BB41): 17
LogDevObjectVersion:   Dev-Framework (CFFC743F-43B0-4480-9391-14DF171D2073): 23
LogDevObjectVersion:   Dev-Mobile (B02B49B5-BB20-44E9-A304-32B752E40360): 0
LogDevObjectVersion:   Dev-Networking (A4E4105C-59A1-49B5-A7C5-40C4547EDFEE): 0
LogDevObjectVersion:   Dev-Online (39C831C9-5AE6-47DC-9A44-9C173E1C8E7C): 0
LogDevObjectVersion:   Dev-Physics (78F01B33-EBEA-4F98-B9B4-84EACCB95AA2): 0
LogDevObjectVersion:   Dev-Platform (6631380F-2D4D-43E0-8009-CF276956A95A): 0
LogDevObjectVersion:   Dev-Rendering (12F88B9F-8875-4AFC-A67C-D90C383ABD29): 15
LogDevObjectVersion:   Dev-Sequencer (7B5AE74C-D270-4C10-A958-57980B212A5A): 4
LogDevObjectVersion:   Dev-VR (D7296918-1DD6-4BDD-9DE2-64A83CC13884): 0
LogDevObjectVersion:   Dev-LoadTimes (C2A15278-BFE7-4AFE-6C17-90FF531DF755): 1
LogDevObjectVersion:   Private-Geometry (6EACA3D4-40EC-4CC1-B786-8BED09428FC5): 1
LogDevObjectVersion:   Dev-AnimPhys (29E575DD-E0A3-4627-9D10-D276232CDCEA): 3
LogInit: Compiled (64-bit): Jul 28 2017 11:49:47
LogInit: Compiled with Visual C++: 19.00.24215.01
LogInit: Build Configuration: Development
LogInit: Branch Name: ++UE4+Release-4.16
LogInit: Command line: 
LogInit: Base directory: C:/Unreal Engine 4/UE_4.16.3/UE_4.16/Engine/Binaries/Win64/
LogInit: Installed Engine Build: 1
LogInit: Presizing for max 8388607 objects, including 0 objects not considered by GC, pre-allocating 0 bytes for permanent pool.
LogInit: Object subsystem initialized
[2017.09.06-09.27.46:209][  0]LogInit: Selected Device Profile: [Windows]
[2017.09.06-09.27.46:209][  0]LogInit: Applying CVar settings loaded from the selected device profile: [Windows]
[2017.09.06-09.27.46:236][  0]LogInit: Computer: CSLAB-05-25-202
[2017.09.06-09.27.46:236][  0]LogInit: User: mhawari41
[2017.09.06-09.27.46:236][  0]LogInit: CPU Page size=4096, Cores=2
[2017.09.06-09.27.46:236][  0]LogInit: High frequency timer resolution =3.604980 MHz
[2017.09.06-09.27.46:237][  0]LogMemory: Memory total: Physical=11.9GB (12GB approx)
[2017.09.06-09.27.46:237][  0]LogMemory: Platform Memory Stats for Windows
[2017.09.06-09.27.46:237][  0]LogMemory: Process Physical Memory: 273.39 MB used, 273.39 MB peak
[2017.09.06-09.27.46:237][  0]LogMemory: Process Virtual Memory: 260.95 MB used, 260.95 MB peak
[2017.09.06-09.27.46:237][  0]LogMemory: Physical Memory: 3050.47 MB used,  9111.30 MB free, 12161.77 MB total
[2017.09.06-09.27.46:237][  0]LogMemory: Virtual Memory: 620.38 MB used,  9111.30 MB free, 8388608.00 MB total
[2017.09.06-09.27.46:436][  0]LogInit: Using OS detected language (en-US).
[2017.09.06-09.27.46:436][  0]LogInit: Using OS detected locale (en-US).
[2017.09.06-09.27.46:444][  0]LogTextLocalizationManager: No specific localization for 'en-US' exists, so the 'en' localization will be used.
[2017.09.06-09.27.49:331][  0]LogD3D11RHI: D3D11 adapters:
[2017.09.06-09.27.49:379][  0]LogD3D11RHI:    0. 'NVIDIA GeForce GTX 750 Ti' (Feature Level 11_0)
[2017.09.06-09.27.49:379][  0]LogD3D11RHI:       1992/0/5824 MB DedicatedVideo/DedicatedSystem/SharedSystem, Outputs:1, VendorId:0x10de
[2017.09.06-09.27.49:400][  0]LogD3D11RHI:    1. 'Intel(R) HD Graphics 4400' (Feature Level 11_0)
[2017.09.06-09.27.49:400][  0]LogD3D11RHI:       192/0/1632 MB DedicatedVideo/DedicatedSystem/SharedSystem, Outputs:0, VendorId:0x8086
[2017.09.06-09.27.49:400][  0]LogD3D11RHI: Chosen D3D11 Adapter: 0
[2017.09.06-09.27.49:416][  0]LogD3D11RHI: Creating new Direct3DDevice
[2017.09.06-09.27.49:417][  0]LogD3D11RHI:     GPU DeviceId: 0x1380 (for the marketing name, search the web for "GPU Device Id")
[2017.09.06-09.27.49:417][  0]LogWindows: EnumDisplayDevices:
[2017.09.06-09.27.49:417][  0]LogWindows:    0. 'NVIDIA GeForce GTX 750 Ti' (P:1 D:1)
[2017.09.06-09.27.49:417][  0]LogWindows:    1. 'NVIDIA GeForce GTX 750 Ti' (P:0 D:0)
[2017.09.06-09.27.49:418][  0]LogWindows:    2. 'NVIDIA GeForce GTX 750 Ti' (P:0 D:0)
[2017.09.06-09.27.49:418][  0]LogWindows:    3. 'NVIDIA GeForce GTX 750 Ti' (P:0 D:0)
[2017.09.06-09.27.49:419][  0]LogWindows:    4. 'Intel(R) HD Graphics 4400' (P:0 D:0)
[2017.09.06-09.27.49:419][  0]LogWindows:    5. 'Intel(R) HD Graphics 4400' (P:0 D:0)
[2017.09.06-09.27.49:420][  0]LogWindows:    6. 'Intel(R) HD Graphics 4400' (P:0 D:0)
[2017.09.06-09.27.49:420][  0]LogWindows:    7. 'RDPDD Chained DD' (P:0 D:0)
[2017.09.06-09.27.49:420][  0]LogWindows:    8. 'RDP Encoder Mirror Driver' (P:0 D:0)
[2017.09.06-09.27.49:421][  0]LogWindows:    9. 'RDP Reflector Display Driver' (P:0 D:0)
[2017.09.06-09.27.49:421][  0]LogWindows: DebugString: PrimaryIsNotTheChoosenAdapter PrimaryIsNotTheChoosenAdapter PrimaryIsNotTheChoosenAdapter GetVideoDriverDetailsInvalid PrimaryIsNotTheChoosenAdapter GetVideoDriverDetailsInvalid PrimaryIsNotTheChoosenAdapter GetVideoDriverDetailsInvalid PrimaryIsNotTheChoosenAdapter FoundDriverCount:4 
[2017.09.06-09.27.49:421][  0]LogD3D11RHI:     Adapter Name: NVIDIA GeForce GTX 750 Ti
[2017.09.06-09.27.49:421][  0]LogD3D11RHI:   Driver Version: 376.53 (internal:21.21.13.7653, unified:376.53)
[2017.09.06-09.27.49:421][  0]LogD3D11RHI:      Driver Date: 12-29-2016
[2017.09.06-09.27.49:421][  0]LogRHI: Texture pool is 1361 MB (70% of 1945 MB)
[2017.09.06-09.27.49:460][  0]LogD3D11RHI: Async texture creation enabled
[2017.09.06-09.27.49:483][  0]LogD3D11RHI: GPU Timing Frequency: 1000.000000 (Debug: 2 2)
[2017.09.06-09.27.49:534][  0]LogShaderCompilers: Guid format shader working directory is -27 characters bigger than the processId version (../../../../../../Users/m.hawari41/Documents/Unreal Projects/MHawari_Tutorial1/Intermediate/Shaders/WorkingDirectory/4532/).
[2017.09.06-09.27.49:534][  0]LogShaderCompilers: Cleaned the shader compiler working directory 'C:/Users/m.hawari41/AppData/Local/Temp/UnrealShaderWorkingDir/912D13A541860E55DBFAEF993922F5BF/'.
[2017.09.06-09.27.49:534][  0]LogShaderCompilers:Display: Using Local Shader Compiler.
[2017.09.06-09.27.53:534][  0]LogTemp:Display: Loaded TP AllDesktopTargetPlatform
[2017.09.06-09.27.53:693][  0]LogTemp:Display: Loaded TP MacClientTargetPlatform
[2017.09.06-09.27.53:852][  0]LogTemp:Display: Loaded TP MacNoEditorTargetPlatform
[2017.09.06-09.27.54:005][  0]LogTemp:Display: Loaded TP MacServerTargetPlatform
[2017.09.06-09.27.54:142][  0]LogTemp:Display: Loaded TP MacTargetPlatform
[2017.09.06-09.27.54:274][  0]LogTemp:Display: Loaded TP WindowsClientTargetPlatform
[2017.09.06-09.27.54:406][  0]LogTemp:Display: Loaded TP WindowsNoEditorTargetPlatform
[2017.09.06-09.27.54:540][  0]LogTemp:Display: Loaded TP WindowsServerTargetPlatform
[2017.09.06-09.27.54:655][  0]LogTemp:Display: Loaded TP WindowsTargetPlatform
[2017.09.06-09.27.54:783][  0]LogTemp:Display: Loaded TP AndroidTargetPlatform
[2017.09.06-09.27.54:894][  0]LogTemp:Display: Loaded TP Android_ASTCTargetPlatform
[2017.09.06-09.27.55:005][  0]LogTemp:Display: Loaded TP Android_ATCTargetPlatform
[2017.09.06-09.27.55:116][  0]LogTemp:Display: Loaded TP Android_DXTTargetPlatform
[2017.09.06-09.27.55:226][  0]LogTemp:Display: Loaded TP Android_ETC1TargetPlatform
[2017.09.06-09.27.55:337][  0]LogTemp:Display: Loaded TP Android_ETC2TargetPlatform
[2017.09.06-09.27.55:560][  0]LogTemp:Display: Loaded TP Android_MultiTargetPlatform
[2017.09.06-09.27.55:560][  0]LogTemp:Display: Loaded TP Android_PVRTCTargetPlatform
[2017.09.06-09.27.55:639][  0]LogTemp:Display: Loaded TP HTML5TargetPlatform
[2017.09.06-09.27.55:792][  0]LogTemp:Display: Loaded TP IOSTargetPlatform
[2017.09.06-09.27.55:846][  0]LogTemp:Display: Loaded TP TVOSTargetPlatform
[2017.09.06-09.27.55:942][  0]LogTemp:Display: Loaded TP LinuxClientTargetPlatform
[2017.09.06-09.27.56:041][  0]LogTemp:Display: Loaded TP LinuxNoEditorTargetPlatform
[2017.09.06-09.27.56:138][  0]LogTemp:Display: Loaded TP LinuxServerTargetPlatform
[2017.09.06-09.27.56:236][  0]LogTemp:Display: Loaded TP LinuxTargetPlatform
[2017.09.06-09.27.56:236][  0]LogTargetPlatformManager:Display: Building Assets For Windows
[2017.09.06-09.27.57:019][  0]LogDerivedDataCache:Display: Max Cache Size: 512 MB
[2017.09.06-09.27.57:153][  0]LogDerivedDataCache: Loaded boot cache 0.13s 90MB C:/Users/m.hawari41/AppData/Local/UnrealEngine/4.16/DerivedDataCache/Boot.ddc.
[2017.09.06-09.27.57:154][  0]LogDerivedDataCache:Display: Loaded Boot cache: C:/Users/m.hawari41/AppData/Local/UnrealEngine/4.16/DerivedDataCache/Boot.ddc
[2017.09.06-09.27.57:154][  0]LogDerivedDataCache: FDerivedDataBackendGraph:  Pak pak cache file ../../../../../../Users/m.hawari41/Documents/Unreal Projects/MHawari_Tutorial1/DerivedDataCache/DDC.ddp not found, will not use a pak cache.
[2017.09.06-09.27.57:154][  0]LogDerivedDataCache: Unable to find inner node Pak for hierarchical cache Hierarchy.
[2017.09.06-09.27.57:154][  0]LogDerivedDataCache: FDerivedDataBackendGraph:  CompressedPak pak cache file ../../../../../../Users/m.hawari41/Documents/Unreal Projects/MHawari_Tutorial1/DerivedDataCache/Compressed.ddp not found, will not use a pak cache.
[2017.09.06-09.27.57:154][  0]LogDerivedDataCache: Unable to find inner node CompressedPak for hierarchical cache Hierarchy.
[2017.09.06-09.27.57:184][  0]LogDerivedDataCache:Display: Pak cache opened for reading ../../../Engine/DerivedDataCache/Compressed.ddp.
[2017.09.06-09.27.57:196][  0]LogDerivedDataCache: Using Local data cache path C:/Users/m.hawari41/AppData/Local/UnrealEngine/Common/DerivedDataCache: Writable
[2017.09.06-09.27.57:212][  0]LogMaterial: Verifying Global Shaders for PCD3D_SM5
[2017.09.06-09.27.57:212][  0]LogSlate: Using Freetype 2.6.0
[2017.09.06-09.27.57:213][  0]LogSlate: SlateFontCache - WITH_FREETYPE: 1, WITH_HARFBUZZ: 1
[2017.09.06-09.27.57:213][  0]LogSlate: SlateFontCache - WITH_FREETYPE: 1, WITH_HARFBUZZ: 1
[2017.09.06-09.27.57:761][  0]LogInit: Selected Device Profile: [Windows]
[2017.09.06-09.27.57:767][  0]LogContentStreaming: Texture pool size is 0.00 MB
[2017.09.06-09.27.58:106][  0]LogMeshUtilities: Using QuadricMeshReduction for automatic static mesh reduction
[2017.09.06-09.27.58:169][  0]LogSimplygon: Simplygon DLL not present - disabling.
[2017.09.06-09.27.58:236][  0]LogMeshUtilities: Using SimplygonSwarm for distributed automatic mesh merging
[2017.09.06-09.27.58:236][  0]LogMeshUtilities: No automatic skeletal mesh reduction module available
[2017.09.06-09.27.58:236][  0]LogMeshUtilities: No automatic mesh merging module available
[2017.09.06-09.27.59:556][  0]LogNetVersion: MHawari_Tutorial1 , NetCL: 3452394, EngineNetVer: 2, GameNetVer: 0 (Checksum: 369159)
[2017.09.06-09.27.59:725][  0]LogAssetRegistry: FAssetRegistry took 0.0369 seconds to start up
[2017.09.06-09.27.59:963][  0]LogPackageLocalizationCache: Processed 4 localized package path(s) for 2 prioritized culture(s) in 0.142446 seconds
[2017.09.06-09.27.59:981][  0]LogUObjectArray: 34194 objects as part of root set at end of initial load.
[2017.09.06-09.27.59:981][  0]LogUObjectAllocator: 7260424 out of 0 bytes used by permanent object pool.
[2017.09.06-09.27.59:981][  0]LogUObjectArray: CloseDisregardForGC: 0/0 objects in disregard for GC pool
[2017.09.06-09.28.00:243][  0]LogInit: WinSock: version 1.1 (2.2), MaxSocks=32767, MaxUdp=65467
[2017.09.06-09.28.09:908][  0]LogTcpMessaging: Initializing TcpMessaging bridge
[2017.09.06-09.28.10:021][  0]LogUdpMessaging: Initializing bridge on interface 0.0.0.0:0 to multicast group 230.0.0.1:6666.
[2017.09.06-09.28.11:631][  0]LogMaterial: Uniform references updated for custom material expression Custom.
[2017.09.06-09.28.13:287][  0]SourceControl: Info Source control is disabled
[2017.09.06-09.28.13:630][  0]SourceControl: Info Source control is disabled
[2017.09.06-09.28.13:780][  0]SourceControl: Info Source control is disabled
[2017.09.06-09.28.13:925][  0]SourceControl: Info Source control is disabled
[2017.09.06-09.28.16:510][  0]LogAndroidPermission: UAndroidPermissionCallbackProxy::GetInstance
[2017.09.06-09.28.18:831][  0]LogEngine: Initializing Engine...
[2017.09.06-09.28.18:833][  0]LogHMD: Failed to initialize OpenVR with code 110
[2017.09.06-09.28.19:619][  0]LogStats: UGameplayTagsManager::ConstructGameplayTagTree: Construct from data asset -  0.000 s
[2017.09.06-09.28.19:619][  0]LogStats: UGameplayTagsManager::ConstructGameplayTagTree: GameplayTagTreeChangedEvent.Broadcast -  0.000 s
[2017.09.06-09.28.20:130][  0]LogAIModule: Creating AISystem for world Untitled
[2017.09.06-09.28.20:169][  0]LogInit: XAudio2 using 'Realtek Digital Output (Realtek High Definition Audio)' : 2 channels at 48 kHz using 16 bits per sample (channel mask 0x3)
[2017.09.06-09.28.20:282][  0]LogInit: FAudioDevice initialized.
[2017.09.06-09.28.20:410][  0]LogDerivedDataCache: Saved boot cache 0.13s 90MB C:/Users/m.hawari41/AppData/Local/UnrealEngine/4.16/DerivedDataCache/Boot.ddc.
[2017.09.06-09.28.20:438][  0]LogInit: Texture streaming: Enabled
[2017.09.06-09.28.20:782][  0]LogEngineSessionManager: EngineSessionManager initialized
[2017.09.06-09.28.21:694][  0]LogInit: Transaction tracking system initialized
[2017.09.06-09.28.22:974][  0]BlueprintLog: New page: Editor Load
[2017.09.06-09.28.26:473][  0]LogInit:Warning: CVar named 'r.MobileHDR' marked up in RendererSettings was not found or is set to read-only
[2017.09.06-09.28.27:153][  0]LocalizationService: Info Localization service is disabled
[2017.09.06-09.28.29:620][  0]LogConsoleResponse:Display: 
[2017.09.06-09.28.30:154][  0]LogCook:Display: Max memory allowance for cook 16384mb min free memory 0mb
[2017.09.06-09.28.30:155][  0]LogCook:Display: Mobile HDR setting 1
[2017.09.06-09.28.30:232][  0]LogFileCache: Scanning file cache for directory 'C:/Users/m.hawari41/Documents/Unreal Projects/MHawari_Tutorial1/Content/' took 0.01s
[2017.09.06-09.28.33:652][  0]SourceControl: Info Source control is disabled
[2017.09.06-09.28.33:653][  0]Cmd: MAP LOAD FILE="../../../../../../Users/m.hawari41/Documents/Unreal Projects/MHawari_Tutorial1/Content/2DSideScrollerBP/Maps/2DSideScrollerExampleMap.umap" TEMPLATE=0 SHOWPROGRESS=1 FEATURELEVEL=3
[2017.09.06-09.28.33:670][  0]LightingResults: New page: Lighting Build
[2017.09.06-09.28.33:848][  0]MapCheck: New page: Map Check
[2017.09.06-09.28.33:848][  0]LightingResults: New page: Lighting Build
[2017.09.06-09.28.34:768][  0]LogAIModule: Creating AISystem for world 2DSideScrollerExampleMap
[2017.09.06-09.28.34:781][  0]LogEditorServer: Finished looking for orphan Actors (0.000 secs)
[2017.09.06-09.28.34:852][  0]Cmd: MAP CHECKDEP NOCLEARLOG
[2017.09.06-09.28.35:047][  0]MapCheck: Info Map check complete: 0 Error(s), 0 Warning(s), took 194.818ms to complete.
[2017.09.06-09.28.35:047][  0]LogFileHelpers: Loading map '2DSideScrollerExampleMap' took 1.394
[2017.09.06-09.28.35:349][  0]LogCollectionManager: Loaded 0 collections in 0.004039 seconds
[2017.09.06-09.28.35:664][  0]LogFileCache: Scanning file cache for directory 'C:/Users/m.hawari41/Documents/Unreal Projects/MHawari_Tutorial1/Saved/Collections/' took 0.01s
[2017.09.06-09.28.35:664][  0]LogFileCache: Scanning file cache for directory 'C:/Users/m.hawari41/Documents/Unreal Projects/MHawari_Tutorial1/Content/Developers/mhawari41/Collections/' took 0.01s
[2017.09.06-09.28.35:664][  0]LogFileCache: Scanning file cache for directory 'C:/Users/m.hawari41/Documents/Unreal Projects/MHawari_Tutorial1/Content/Collections/' took 0.01s
[2017.09.06-09.28.35:664][  0]LogCollectionManager: Rebuilt the GUID cache for 0 collections in 0.000005 seconds
[2017.09.06-09.28.35:698][  0]LogContentBrowser: Native class hierarchy populated in 0.0338 seconds. Added 2329 classes and 491 folders.
[2017.09.06-09.28.35:961][  0]LogContentBrowser: Native class hierarchy updated for 'WidgetCarousel' in 0.0021 seconds. Added 0 classes and 0 folders.
[2017.09.06-09.28.36:115][  0]LogContentBrowser: Native class hierarchy updated for 'AddContentDialog' in 0.0019 seconds. Added 0 classes and 0 folders.
[2017.09.06-09.28.36:293][  0]LogContentBrowser: Native class hierarchy updated for 'SceneOutliner' in 0.0020 seconds. Added 1 classes and 2 folders.
[2017.09.06-09.28.36:434][  0]LogCrashTracker: Crashtracker disabled due to settings.
[2017.09.06-09.28.36:471][  0]LogSlate: Took 0.000647 seconds to synchronously load lazily loaded font '../../../Engine/Content/Slate/Fonts/Roboto-Regular.ttf' (155K)
[2017.09.06-09.28.36:481][  0]LogSlate: Took 0.000662 seconds to synchronously load lazily loaded font '../../../Engine/Content/Slate/Fonts/Roboto-Bold.ttf' (160K)
[2017.09.06-09.28.36:507][  0]LogSlate: Took 0.001872 seconds to synchronously load lazily loaded font '../../../Engine/Content/Editor/Slate/Fonts/FontAwesome.ttf' (139K)
[2017.09.06-09.28.36:899][  0]LogRenderer: Reallocating scene render targets to support 856x372 NumSamples 1 (Frame:1).
[2017.09.06-09.28.37:186][  0]LogUObjectGlobals:Warning: Failed to find object 'Class None.'
[2017.09.06-09.28.37:384][  0]LogContentBrowser: Native class hierarchy updated for 'HierarchicalLODOutliner' in 0.0020 seconds. Added 1 classes and 2 folders.
[2017.09.06-09.28.37:384][  0]LogLoad: (Engine Initialization) Total time: 55.96 seconds
[2017.09.06-09.28.37:384][  0]LogLoad: (Engine Initialization) Total Blueprint compile time: 0.27 seconds
[2017.09.06-09.28.37:385][  0]LogExternalProfiler: Found external profiler: VSPerf
[2017.09.06-09.28.37:385][  0]LogExternalProfiler: Using external profiler: VSPerf
[2017.09.06-09.28.37:725][  0]LogOcInput: OculusInput pre-init called
[2017.09.06-09.28.37:725][  0]LogHMD: Starting GearVRController plugin
[2017.09.06-09.28.37:762][  0]LogContentStreaming: Texture pool size now 1000 MB
[2017.09.06-09.28.37:809][  0]LogSlate: Took 0.000680 seconds to synchronously load lazily loaded font '../../../Engine/Content/Slate/Fonts/Roboto-Light.ttf' (159K)
[2017.09.06-09.28.38:733][  3]LogAssetRegistry: Asset discovery search completed in 39.0283 seconds
[2017.09.06-09.28.38:739][  3]LogCollectionManager: Rebuilt the object cache for 0 collections in 0.000001 seconds (found 0 objects)
[2017.09.06-09.28.38:739][  3]LogCollectionManager: Fixed up redirectors for 0 collections in 0.000093 seconds (updated 0 objects)
[2017.09.06-09.28.43:737][ 18]LogTemp: Repeting last play command: Selected Viewport
[2017.09.06-09.28.43:855][ 18]LogBlueprintUserMessages: Early PlayInEditor Detection: Level '/Game/2DSideScrollerBP/Maps/2DSideScrollerExampleMap.2DSideScrollerExampleMap:PersistentLevel' has LevelScriptBlueprint '/Game/2DSideScrollerBP/Maps/2DSideScrollerExampleMap.2DSideScrollerExampleMap:PersistentLevel.2DSideScrollerExampleMap' with GeneratedClass '/Game/2DSideScrollerBP/Maps/2DSideScrollerExampleMap.2DSideScrollerExampleMap_C' with ClassGeneratedBy '/Game/2DSideScrollerBP/Maps/2DSideScrollerExampleMap.2DSideScrollerExampleMap:PersistentLevel.2DSideScrollerExampleMap'
[2017.09.06-09.28.43:856][ 18]LogPlayLevel: PlayLevel: No blueprints needed recompiling
[2017.09.06-09.28.43:857][ 18]PIE: New page: PIE session: 2DSideScrollerExampleMap (Sep 6, 2017, 11:28:43 PM)
[2017.09.06-09.28.43:857][ 18]LogPlayLevel: Creating play world package: /Game/2DSideScrollerBP/Maps/UEDPIE_0_2DSideScrollerExampleMap
[2017.09.06-09.28.43:865][ 18]LogPlayLevel: PIE: StaticDuplicateObject took: (0.008092s)
[2017.09.06-09.28.43:867][ 18]LogAIModule: Creating AISystem for world 2DSideScrollerExampleMap
[2017.09.06-09.28.43:867][ 18]LogPlayLevel: PIE: World Init took: (0.002100s)
[2017.09.06-09.28.43:868][ 18]LogPlayLevel: PIE: Created PIE world by copying editor world from /Game/2DSideScrollerBP/Maps/2DSideScrollerExampleMap.2DSideScrollerExampleMap to /Game/2DSideScrollerBP/Maps/UEDPIE_0_2DSideScrollerExampleMap.2DSideScrollerExampleMap (0.010762s)
[2017.09.06-09.28.43:937][ 18]LogInit: XAudio2 using 'Realtek Digital Output (Realtek High Definition Audio)' : 2 channels at 48 kHz using 16 bits per sample (channel mask 0x3)
[2017.09.06-09.28.43:967][ 18]LogInit: FAudioDevice initialized.
[2017.09.06-09.28.44:022][ 18]LogLoad: Game class is '2DSideScrollerGameMode_C'
[2017.09.06-09.28.44:030][ 18]LogWorld: Bringing World /Game/2DSideScrollerBP/Maps/UEDPIE_0_2DSideScrollerExampleMap.2DSideScrollerExampleMap up for play (max tick rate 0) at 2017.09.06-16.28.44
[2017.09.06-09.28.44:031][ 18]LogWorld: Bringing up level for play took: 0.006310
[2017.09.06-09.28.44:209][ 18]LogContentBrowser: Native class hierarchy updated for 'MovieSceneCapture' in 0.0022 seconds. Added 11 classes and 0 folders.
[2017.09.06-09.28.44:223][ 18]PIE: Info Play in editor start time for /Game/2DSideScrollerBP/Maps/UEDPIE_0_2DSideScrollerExampleMap 0.446
[2017.09.06-09.28.44:224][ 18]LogBlueprintUserMessages: Late PlayInEditor Detection: Level '/Game/2DSideScrollerBP/Maps/2DSideScrollerExampleMap.2DSideScrollerExampleMap:PersistentLevel' has LevelScriptBlueprint '/Game/2DSideScrollerBP/Maps/2DSideScrollerExampleMap.2DSideScrollerExampleMap:PersistentLevel.2DSideScrollerExampleMap' with GeneratedClass '/Game/2DSideScrollerBP/Maps/2DSideScrollerExampleMap.2DSideScrollerExampleMap_C' with ClassGeneratedBy '/Game/2DSideScrollerBP/Maps/2DSideScrollerExampleMap.2DSideScrollerExampleMap:PersistentLevel.2DSideScrollerExampleMap'
[2017.09.06-09.29.40:265][885]LogBlueprintUserMessages: Early EndPlayMap Detection: Level '/Game/2DSideScrollerBP/Maps/2DSideScrollerExampleMap.2DSideScrollerExampleMap:PersistentLevel' has LevelScriptBlueprint '/Game/2DSideScrollerBP/Maps/2DSideScrollerExampleMap.2DSideScrollerExampleMap:PersistentLevel.2DSideScrollerExampleMap' with GeneratedClass '/Game/2DSideScrollerBP/Maps/2DSideScrollerExampleMap.2DSideScrollerExampleMap_C' with ClassGeneratedBy '/Game/2DSideScrollerBP/Maps/2DSideScrollerExampleMap.2DSideScrollerExampleMap:PersistentLevel.2DSideScrollerExampleMap'
[2017.09.06-09.29.40:315][885]LogBlueprintUserMessages: Late EndPlayMap Detection: Level '/Game/2DSideScrollerBP/Maps/2DSideScrollerExampleMap.2DSideScrollerExampleMap:PersistentLevel' has LevelScriptBlueprint '/Game/2DSideScrollerBP/Maps/2DSideScrollerExampleMap.2DSideScrollerExampleMap:PersistentLevel.2DSideScrollerExampleMap' with GeneratedClass '/Game/2DSideScrollerBP/Maps/2DSideScrollerExampleMap.2DSideScrollerExampleMap_C' with ClassGeneratedBy '/Game/2DSideScrollerBP/Maps/2DSideScrollerExampleMap.2DSideScrollerExampleMap:PersistentLevel.2DSideScrollerExampleMap'
[2017.09.06-09.29.57:835][999]Cmd: TRANSACTION UNDO
[2017.09.06-09.29.57:835][999]LogEditorTransaction: Undo Create Actors
[2017.09.06-09.29.57:866][999]LogSlate: Took 0.000532 seconds to synchronously load lazily loaded font '../../../Engine/Content/Slate/Fonts/Roboto-Light.ttf' (159K)
[2017.09.06-09.30.17:099][541]Cmd: BRUSH ADD SELECTNEWBRUSH
[2017.09.06-09.31.11:540][729]Cmd: TRANSACTION UNDO
[2017.09.06-09.31.11:540][729]LogEditorTransaction: Undo Move Actors
[2017.09.06-09.31.11:822][735]Cmd: TRANSACTION UNDO
[2017.09.06-09.31.11:822][735]LogEditorTransaction: Undo Move Actors
[2017.09.06-09.31.11:998][737]Cmd: TRANSACTION UNDO
[2017.09.06-09.31.11:998][737]LogEditorTransaction: Undo Move Actors
[2017.09.06-09.31.12:171][738]Cmd: TRANSACTION UNDO
[2017.09.06-09.31.12:171][738]LogEditorTransaction: Undo Move Actors
[2017.09.06-09.31.12:337][740]Cmd: TRANSACTION UNDO
[2017.09.06-09.31.12:337][740]LogEditorTransaction: Undo Move Actors
[2017.09.06-09.31.12:652][748]Cmd: TRANSACTION UNDO
[2017.09.06-09.31.12:652][748]LogEditorTransaction: Undo Move Actors
[2017.09.06-09.31.12:783][749]Cmd: TRANSACTION UNDO
[2017.09.06-09.31.12:783][749]LogEditorTransaction: Undo Clicking on Brush Vertex
[2017.09.06-09.31.12:961][750]Cmd: TRANSACTION UNDO
[2017.09.06-09.31.12:961][750]LogEditorTransaction: Undo Clicking on Brush Vertex
[2017.09.06-09.31.13:020][750]Cmd: TRANSACTION UNDO
[2017.09.06-09.31.13:020][750]LogEditorTransaction: Undo Move Actors
[2017.09.06-09.31.13:174][752]Cmd: TRANSACTION UNDO
[2017.09.06-09.31.13:174][752]LogEditorTransaction: Undo Move Actors
[2017.09.06-09.31.13:351][757]Cmd: TRANSACTION UNDO
[2017.09.06-09.31.13:351][757]LogEditorTransaction: Undo Move Actors
[2017.09.06-09.31.13:608][767]Cmd: TRANSACTION UNDO
[2017.09.06-09.31.13:608][767]LogEditorTransaction: Undo Move Actors
[2017.09.06-09.31.13:774][772]Cmd: TRANSACTION UNDO
[2017.09.06-09.31.13:774][772]LogEditorTransaction: Undo Brush Add
[2017.09.06-09.31.19:162][160]Cmd: BRUSH ADD SELECTNEWBRUSH
[2017.09.06-09.31.40:620][386]Cmd: TRANSACTION UNDO
[2017.09.06-09.31.40:620][386]LogEditorTransaction: Undo Select Surfaces
[2017.09.06-09.31.40:823][390]Cmd: TRANSACTION UNDO
[2017.09.06-09.31.40:823][390]LogEditorTransaction: Undo Move Actors
[2017.09.06-09.31.41:009][393]Cmd: TRANSACTION UNDO
[2017.09.06-09.31.41:010][393]LogEditorTransaction: Undo Move Actors
[2017.09.06-09.31.41:184][396]Cmd: TRANSACTION UNDO
[2017.09.06-09.31.41:184][396]LogEditorTransaction: Undo Brush Add
[2017.09.06-09.32.19:662][163]LogMaterial: Missing cached shader map for material LayerVisMaterial, compiling. 
[2017.09.06-09.32.19:747][163]LogMaterial: Missing cached shader map for material SelectBrushMaterial, compiling. 
[2017.09.06-09.32.19:878][163]LogMaterial: Missing cached shader map for material SelectBrushMaterial, compiling. 
[2017.09.06-09.32.20:055][163]LogMaterial: Missing cached shader map for material MaskBrushMaterial, compiling. 
[2017.09.06-09.32.20:128][163]LogMaterial: Missing cached shader map for material LandscapeLayerUsageMaterial, compiling. 
[2017.09.06-09.32.20:224][163]LogMaterial: Missing cached shader map for material CircleBrushMaterial, compiling. 
[2017.09.06-09.32.20:268][163]LogMaterial: Missing cached shader map for material CircleBrushMaterial, compiling. 
[2017.09.06-09.32.20:320][163]LogMaterial: Missing cached shader map for material CircleBrushMaterial, compiling. 
[2017.09.06-09.32.20:400][163]LogMaterial: Missing cached shader map for material CircleBrushMaterial, compiling. 
[2017.09.06-09.32.20:468][163]LogMaterial: Missing cached shader map for material AlphaBrushMaterial, compiling. 
[2017.09.06-09.32.20:525][163]LogMaterial: Missing cached shader map for material CircleBrushMaterial, compiling. 
[2017.09.06-09.32.20:576][163]LogMaterial: Missing cached shader map for material MaskBrushMaterial, compiling. 
[2017.09.06-09.32.20:657][163]LogTexture:Display: Building textures: Texture2D_2 (G8, 128X128)
[2017.09.06-09.32.35:840][619]LogTexture:Display: Building textures: Texture2D_3 (G8, 128X128)
[2017.09.06-09.37.07:408][425]LogActorComponent: UnregisterComponent: (/Engine/Transient.SphereBrushComponent) Not registered. Aborting.
[2017.09.06-09.37.09:395][663]LogActorComponent: UnregisterComponent: (/Engine/Transient.SphereBrushComponent) Not registered. Aborting.
[2017.09.06-09.37.16:747][544]LogActorComponent: UnregisterComponent: (/Engine/Transient.SphereBrushComponent) Not registered. Aborting.
[2017.09.06-09.39.34:020][394]LogSlate: Took 0.000201 seconds to synchronously load lazily loaded font '../../../Engine/Content/Slate/Fonts/Roboto-Light.ttf' (159K)
[2017.09.06-09.39.34:298][394]LogSavePackage: Save=155.16ms
[2017.09.06-09.39.34:298][394]LogSavePackage: Moving '../../../../../../Users/m.hawari41/Documents/Unreal Projects/MHawari_Tutorial1/Saved/2DSideScrollerExampleMap_Auto1838D042843627C19111371B01BE387F4.tmp' to '../../../../../../Users/m.hawari41/Documents/Unreal Projects/MHawari_Tutorial1/Saved/Autosaves/Game/2DSideScrollerBP/Maps/2DSideScrollerExampleMap_Auto1.umap'
[2017.09.06-09.39.34:299][394]LogSavePackage:Display: Finished SavePackage ../../../../../../Users/m.hawari41/Documents/Unreal Projects/MHawari_Tutorial1/Saved/Autosaves/Game/2DSideScrollerBP/Maps/2DSideScrollerExampleMap_Auto1.umap
[2017.09.06-09.39.34:306][394]LogFileHelpers: Editor autosave (incl. sublevels) for '/Game/2DSideScrollerBP/Maps/2DSideScrollerExampleMap' took 0.249
[2017.09.06-09.39.34:306][394]LogFileHelpers: Editor autosave (incl. sublevels) for all levels took 0.249
[2017.09.06-09.47.27:148][684]LogFactory: FactoryCreateFile: Texture with ReimportTextureFactory (0 0 ../../../../../../Users/m.hawari41/Desktop/00_raiser_by_longai-d7lrfok.jpg)
[2017.09.06-09.47.27:310][684]LogTexture:Display: Building textures: 00_raiser_by_longai-d7lrfok (BGRA8, 1000X647)
[2017.09.06-09.47.31:542][951]LogMaterial: Missing cached shader map for material 00_raiser_by_longai-d7lrfok_Mat, compiling. 
[2017.09.06-09.48.13:476][881]LogEditorViewport: Clicking on Actor (context menu): PaperSpriteActor (Background_Sprite)
[2017.09.06-09.48.14:565][  9]Cmd: TRANSACTION UNDO
[2017.09.06-09.48.14:565][  9]LogEditorTransaction: Undo Foliage Editing
[2017.09.06-09.48.15:440][ 90]Cmd: TRANSACTION UNDO
[2017.09.06-09.48.15:440][ 90]LogEditorTransaction: Undo Foliage Editing
[2017.09.06-09.48.15:826][136]Cmd: TRANSACTION UNDO
[2017.09.06-09.48.15:826][136]LogEditorTransaction: Undo Foliage Editing
[2017.09.06-09.48.16:120][171]Cmd: TRANSACTION UNDO
[2017.09.06-09.48.16:120][171]LogEditorTransaction: Undo Create Actors
[2017.09.06-09.48.31:815][ 40]LogContentBrowser: Native class hierarchy updated for 'TextureEditor' in 0.0007 seconds. Added 1 classes and 2 folders.
[2017.09.06-09.51.31:351][315]LogSavePackage: Save=386.87ms
[2017.09.06-09.51.31:353][315]LogSavePackage: Moving '../../../../../../Users/m.hawari41/Documents/Unreal Projects/MHawari_Tutorial1/Saved/2DSideScrollerExampleMap_Auto215BE07AF4ECD009A4134FBBB170515ED.tmp' to '../../../../../../Users/m.hawari41/Documents/Unreal Projects/MHawari_Tutorial1/Saved/Autosaves/Game/2DSideScrollerBP/Maps/2DSideScrollerExampleMap_Auto2.umap'
[2017.09.06-09.51.31:358][315]LogSavePackage:Display: Finished SavePackage ../../../../../../Users/m.hawari41/Documents/Unreal Projects/MHawari_Tutorial1/Saved/Autosaves/Game/2DSideScrollerBP/Maps/2DSideScrollerExampleMap_Auto2.umap
[2017.09.06-09.51.31:371][315]LogFileHelpers: Editor autosave (incl. sublevels) for '/Game/2DSideScrollerBP/Maps/2DSideScrollerExampleMap' took 0.528
[2017.09.06-09.51.31:371][315]LogFileHelpers: Editor autosave (incl. sublevels) for all levels took 0.528
[2017.09.06-09.51.31:376][315]OBJ SavePackage: Generating thumbnails for [1] asset(s) in package [/Game/2DSideScrollerBP/00_raiser_by_longai-d7lrfok] ([1] browsable assets)...
[2017.09.06-09.51.31:397][315]OBJ SavePackage:     Rendered thumbnail for [Texture2D /Game/2DSideScrollerBP/00_raiser_by_longai-d7lrfok.00_raiser_by_longai-d7lrfok]
[2017.09.06-09.51.31:397][315]OBJ SavePackage: Finished generating thumbnails for package [/Game/2DSideScrollerBP/00_raiser_by_longai-d7lrfok]
[2017.09.06-09.51.31:447][315]LogSavePackage: Save=44.63ms
[2017.09.06-09.51.31:447][315]LogSavePackage: Moving '../../../../../../Users/m.hawari41/Documents/Unreal Projects/MHawari_Tutorial1/Saved/00_raiser_by_longai-d7lrfok_Auto21975BAA7447B95F3EEA4279CB203DE34.tmp' to '../../../../../../Users/m.hawari41/Documents/Unreal Projects/MHawari_Tutorial1/Saved/Autosaves/Game/2DSideScrollerBP/00_raiser_by_longai-d7lrfok_Auto2.uasset'
[2017.09.06-09.51.31:449][315]LogSavePackage:Display: Finished SavePackage ../../../../../../Users/m.hawari41/Documents/Unreal Projects/MHawari_Tutorial1/Saved/Autosaves/Game/2DSideScrollerBP/00_raiser_by_longai-d7lrfok_Auto2.uasset
[2017.09.06-09.51.31:449][315]LogFileHelpers: Auto-saving content packages took 0.076
[2017.09.06-09.52.48:345][612]LogMaterial: Missing cached shader map for material 00_raiser_by_longai-d7lrfok_Mat1, compiling. 
[2017.09.06-09.52.49:043][634]Cmd: TRANSACTION UNDO
[2017.09.06-09.52.49:043][634]LogEditorTransaction: Undo Foliage Editing
[2017.09.06-09.52.50:071][668]Cmd: TRANSACTION UNDO
[2017.09.06-09.52.50:071][668]LogEditorTransaction: Undo Foliage Editing
[2017.09.06-09.53.03:106][255]LogActorComponent: UnregisterComponent: (/Engine/Transient.SphereBrushComponent) Not registered. Aborting.
[2017.09.06-09.53.05:262][377]LogTexture:Display: Building textures: Texture2D_5 (G8, 128X128)
[2017.09.06-09.53.08:149][531]LogTexture:Display: Building textures: Texture2D_6 (G8, 128X128)
[2017.09.06-09.55.50:089][275]LogFactory: FactoryCreateFile: Texture with ReimportTextureFactory (0 0 ../../../../../../Users/m.hawari41/Downloads/Spritesheet-20170906T094834Z-001/Spritesheet/spritesheet-32x-clean.png)
[2017.09.06-09.55.50:274][275]LogTexture:Display: Building textures: spritesheet-32x-clean (BGRA8, 1054X1054)
[2017.09.06-09.56.30:812][103]LogSavePackage: Save=193.96ms
[2017.09.06-09.56.30:812][103]LogSavePackage: Moving '../../../../../../Users/m.hawari41/Documents/Unreal Projects/MHawari_Tutorial1/Saved/spritesheet-32x-clean40488CE940477DFA7652179EA0BCB968.tmp' to '../../../../../../Users/m.hawari41/Documents/Unreal Projects/MHawari_Tutorial1/Content/2DSideScrollerBP/spritesheet-32x-clean.uasset'
[2017.09.06-09.56.30:849][103]LogSavePackage:Display: Finished SavePackage ../../../../../../Users/m.hawari41/Documents/Unreal Projects/MHawari_Tutorial1/Content/2DSideScrollerBP/spritesheet-32x-clean.uasset
[2017.09.06-09.58.20:156][321]LogSlate: Took 0.045154 seconds to synchronously load lazily loaded font '../../../Engine/Content/Editor/Slate/Fonts/Roboto-BoldCondensed.ttf' (158K)
[2017.09.06-10.03.33:858][448]LogSavePackage: Save=544.36ms
[2017.09.06-10.03.33:858][448]LogSavePackage: Moving '../../../../../../Users/m.hawari41/Documents/Unreal Projects/MHawari_Tutorial1/Saved/2DSideScrollerExampleMap_Auto3DE9FF99543279A966855D6B64517A0A2.tmp' to '../../../../../../Users/m.hawari41/Documents/Unreal Projects/MHawari_Tutorial1/Saved/Autosaves/Game/2DSideScrollerBP/Maps/2DSideScrollerExampleMap_Auto3.umap'
[2017.09.06-10.03.33:872][448]LogSavePackage:Display: Finished SavePackage ../../../../../../Users/m.hawari41/Documents/Unreal Projects/MHawari_Tutorial1/Saved/Autosaves/Game/2DSideScrollerBP/Maps/2DSideScrollerExampleMap_Auto3.umap
[2017.09.06-10.03.33:878][448]LogFileHelpers: Editor autosave (incl. sublevels) for '/Game/2DSideScrollerBP/Maps/2DSideScrollerExampleMap' took 0.693
[2017.09.06-10.03.33:878][448]LogFileHelpers: Editor autosave (incl. sublevels) for all levels took 0.693
[2017.09.06-10.03.33:885][448]OBJ SavePackage: Generating thumbnails for [1] asset(s) in package [/Game/2DSideScrollerBP/spritesheet-32x-clean_TileSet] ([1] browsable assets)...
[2017.09.06-10.03.33:924][448]OBJ SavePackage:     Rendered thumbnail for [PaperTileSet /Game/2DSideScrollerBP/spritesheet-32x-clean_TileSet.spritesheet-32x-clean_TileSet]
[2017.09.06-10.03.33:924][448]OBJ SavePackage: Finished generating thumbnails for package [/Game/2DSideScrollerBP/spritesheet-32x-clean_TileSet]
[2017.09.06-10.03.34:572][448]LogSavePackage: Save=639.93ms
[2017.09.06-10.03.34:572][448]LogSavePackage: Moving '../../../../../../Users/m.hawari41/Documents/Unreal Projects/MHawari_Tutorial1/Saved/spritesheet-32x-clean_TileSet_Auto39EE952864243E3B39877679CF0DAF8ED.tmp' to '../../../../../../Users/m.hawari41/Documents/Unreal Projects/MHawari_Tutorial1/Saved/Autosaves/Game/2DSideScrollerBP/spritesheet-32x-clean_TileSet_Auto3.uasset'
[2017.09.06-10.03.34:600][448]LogSavePackage:Display: Finished SavePackage ../../../../../../Users/m.hawari41/Documents/Unreal Projects/MHawari_Tutorial1/Saved/Autosaves/Game/2DSideScrollerBP/spritesheet-32x-clean_TileSet_Auto3.uasset
[2017.09.06-10.03.34:600][448]LogFileHelpers: Auto-saving content packages took 0.717
[2017.09.06-10.03.34:602][448]LogSlate: Took 0.000572 seconds to synchronously load lazily loaded font '../../../Engine/Content/Slate/Fonts/Roboto-Regular.ttf' (155K)
[2017.09.06-10.04.21:448][865]LogFactory: FactoryCreateFile: Texture with ReimportTextureFactory (0 0 C:\Users\m.hawari41\Downloads\spritesheet-32x-clean.png)
[2017.09.06-10.04.21:570][865]LogTexture:Display: Building textures: spritesheet-32x-clean (BGRA8, 1054X1054)
[2017.09.06-10.04.37:533][389]LogFactory: FactoryCreateFile: Texture with ReimportTextureFactory (0 0 ../../../../../../Users/m.hawari41/Downloads/Spritesheet-20170906T094834Z-001/Spritesheet/spritesheet-32x-clean.png)
[2017.09.06-10.04.37:682][389]LogTexture:Display: Building textures: spritesheet-32x-clean (BGRA8, 1054X1054)
[2017.09.06-10.04.48:551][550]LogFactory: FactoryCreateFile: Texture with ReimportTextureFactory (0 0 ../../../../../../Users/m.hawari41/Downloads/spritesheet-32x-clean.png)
[2017.09.06-10.04.48:674][550]LogTexture:Display: Building textures: spritesheet-32x-clean (BGRA8, 1054X1054)
[2017.09.06-10.05.53:465][465]LogSavePackage: Save=151.31ms
[2017.09.06-10.05.53:465][465]LogSavePackage: Moving '../../../../../../Users/m.hawari41/Documents/Unreal Projects/MHawari_Tutorial1/Saved/spritesheet-32x-clean792691254EA9296C531D33A8FFA84F7E.tmp' to '../../../../../../Users/m.hawari41/Documents/Unreal Projects/MHawari_Tutorial1/Content/2DSideScrollerBP/spritesheet-32x-clean.uasset'
[2017.09.06-10.05.53:474][465]LogSavePackage:Display: Finished SavePackage ../../../../../../Users/m.hawari41/Documents/Unreal Projects/MHawari_Tutorial1/Content/2DSideScrollerBP/spritesheet-32x-clean.uasset
[2017.09.06-10.06.51:402][745]LogSavePackage: Save=335.47ms
[2017.09.06-10.06.51:402][745]LogSavePackage: Moving '../../../../../../Users/m.hawari41/Documents/Unreal Projects/MHawari_Tutorial1/Saved/spritesheet-32x-clean_TileSet7DC645354EEFE645EA7D17A259C07472.tmp' to '../../../../../../Users/m.hawari41/Documents/Unreal Projects/MHawari_Tutorial1/Content/2DSideScrollerBP/spritesheet-32x-clean_TileSet.uasset'
[2017.09.06-10.06.51:411][745]LogSavePackage:Display: Finished SavePackage ../../../../../../Users/m.hawari41/Documents/Unreal Projects/MHawari_Tutorial1/Content/2DSideScrollerBP/spritesheet-32x-clean_TileSet.uasset
[2017.09.06-10.07.47:104][ 54]LogRenderer: Reallocating scene render targets to support 996x568 NumSamples 1 (Frame:119202).
[2017.09.06-10.08.54:238][649]LogSavePackage: Save=314.04ms
[2017.09.06-10.08.54:238][649]LogSavePackage: Moving '../../../../../../Users/m.hawari41/Documents/Unreal Projects/MHawari_Tutorial1/Saved/spritesheet-32x-clean_TileSet301616A141546C659204D58280D9D6A3.tmp' to '../../../../../../Users/m.hawari41/Documents/Unreal Projects/MHawari_Tutorial1/Content/2DSideScrollerBP/spritesheet-32x-clean_TileSet.uasset'
[2017.09.06-10.08.54:248][649]LogSavePackage:Display: Finished SavePackage ../../../../../../Users/m.hawari41/Documents/Unreal Projects/MHawari_Tutorial1/Content/2DSideScrollerBP/spritesheet-32x-clean_TileSet.uasset
[2017.09.06-10.09.11:230][717]LogRenderer: Reallocating scene render targets to support 996x612 NumSamples 1 (Frame:1).
[2017.09.06-10.13.19:646][971]LogSavePackage: Save=10.14ms
[2017.09.06-10.13.19:646][971]LogSavePackage: Moving '../../../../../../Users/m.hawari41/Documents/Unreal Projects/MHawari_Tutorial1/Saved/spritesheet-32x-clean_TileMap7EE9B23846B369DE3FC98DAE47EFD26A.tmp' to '../../../../../../Users/m.hawari41/Documents/Unreal Projects/MHawari_Tutorial1/Content/2DSideScrollerBP/spritesheet-32x-clean_TileMap.uasset'
[2017.09.06-10.13.19:649][971]LogSavePackage:Display: Finished SavePackage ../../../../../../Users/m.hawari41/Documents/Unreal Projects/MHawari_Tutorial1/Content/2DSideScrollerBP/spritesheet-32x-clean_TileMap.uasset
[2017.09.06-10.13.25:684][672]Cmd: SELECT NONE
[2017.09.06-10.13.26:488][766]Cmd: SELECT NONE
[2017.09.06-10.13.35:017][755]LogSavePackage: Save=9.98ms
[2017.09.06-10.13.35:017][755]LogSavePackage: Moving '../../../../../../Users/m.hawari41/Documents/Unreal Projects/MHawari_Tutorial1/Saved/spritesheet-32x-clean_TileMapDBF1E17D41BEDC5EE1E21CB634159F18.tmp' to '../../../../../../Users/m.hawari41/Documents/Unreal Projects/MHawari_Tutorial1/Content/2DSideScrollerBP/spritesheet-32x-clean_TileMap.uasset'
[2017.09.06-10.13.35:020][755]LogSavePackage:Display: Finished SavePackage ../../../../../../Users/m.hawari41/Documents/Unreal Projects/MHawari_Tutorial1/Content/2DSideScrollerBP/spritesheet-32x-clean_TileMap.uasset
[2017.09.06-10.13.49:053][711]Cmd: TRANSACTION UNDO
[2017.09.06-10.13.49:053][711]LogEditorTransaction: Undo Create Actors
[2017.09.06-10.14.48:760][290]Cmd: TRANSACTION UNDO
[2017.09.06-10.14.48:760][290]LogEditorTransaction: Undo Tile Painting
[2017.09.06-10.14.49:110][313]Cmd: TRANSACTION UNDO
[2017.09.06-10.14.49:110][313]LogEditorTransaction: Undo Tile Painting
[2017.09.06-10.14.49:462][336]Cmd: TRANSACTION UNDO
[2017.09.06-10.14.49:462][336]LogEditorTransaction: Undo Tile Painting
[2017.09.06-10.15.11:849][319]Cmd: TRANSACTION UNDO
[2017.09.06-10.15.11:849][319]LogEditorTransaction: Undo Tile Painting
[2017.09.06-10.15.17:723][856]Cmd: TRANSACTION UNDO
[2017.09.06-10.15.17:723][856]LogEditorTransaction: Undo Tile Painting
[2017.09.06-10.15.49:357][460]Cmd: TRANSACTION UNDO
[2017.09.06-10.15.49:357][460]LogEditorTransaction: Undo Tile Painting
[2017.09.06-10.16.25:717][765]LogSavePackage: Save=19.16ms
[2017.09.06-10.16.25:717][765]LogSavePackage: Moving '../../../../../../Users/m.hawari41/Documents/Unreal Projects/MHawari_Tutorial1/Saved/spritesheet-32x-clean_TileMap4E4E8F054ECE685F0CD349ACC8A70A1F.tmp' to '../../../../../../Users/m.hawari41/Documents/Unreal Projects/MHawari_Tutorial1/Content/2DSideScrollerBP/spritesheet-32x-clean_TileMap.uasset'
[2017.09.06-10.16.25:722][765]LogSavePackage:Display: Finished SavePackage ../../../../../../Users/m.hawari41/Documents/Unreal Projects/MHawari_Tutorial1/Content/2DSideScrollerBP/spritesheet-32x-clean_TileMap.uasset
[2017.09.06-10.16.58:533][972]LogSavePackage: Save=194.01ms
[2017.09.06-10.16.58:533][972]LogSavePackage: Moving '../../../../../../Users/m.hawari41/Documents/Unreal Projects/MHawari_Tutorial1/Saved/2DSideScrollerExampleMap_Auto483CA8A644878FAC2CBFBAB8323E2CF1D.tmp' to '../../../../../../Users/m.hawari41/Documents/Unreal Projects/MHawari_Tutorial1/Saved/Autosaves/Game/2DSideScrollerBP/Maps/2DSideScrollerExampleMap_Auto4.umap'
[2017.09.06-10.16.58:535][972]LogSavePackage:Display: Finished SavePackage ../../../../../../Users/m.hawari41/Documents/Unreal Projects/MHawari_Tutorial1/Saved/Autosaves/Game/2DSideScrollerBP/Maps/2DSideScrollerExampleMap_Auto4.umap
[2017.09.06-10.16.58:539][972]LogFileHelpers: Editor autosave (incl. sublevels) for '/Game/2DSideScrollerBP/Maps/2DSideScrollerExampleMap' took 0.265
[2017.09.06-10.16.58:539][972]LogFileHelpers: Editor autosave (incl. sublevels) for all levels took 0.265
[2017.09.06-10.17.41:248][642]Cmd: TRANSACTION UNDO
[2017.09.06-10.17.41:248][642]LogEditorTransaction: Undo Tile Painting
[2017.09.06-10.17.44:306][775]Cmd: TRANSACTION UNDO
[2017.09.06-10.17.44:306][775]LogEditorTransaction: Undo Tile Painting
[2017.09.06-10.18.06:446][ 71]Cmd: TRANSACTION UNDO
[2017.09.06-10.18.06:446][ 71]LogEditorTransaction: Undo Tile Painting
[2017.09.06-10.18.42:962][326]Cmd: TRANSACTION UNDO
[2017.09.06-10.18.42:962][326]LogEditorTransaction: Undo Tile Painting
[2017.09.06-10.18.43:181][337]Cmd: TRANSACTION UNDO
[2017.09.06-10.18.43:181][337]LogEditorTransaction: Undo Tile Painting
[2017.09.06-10.18.43:539][353]Cmd: TRANSACTION UNDO
[2017.09.06-10.18.43:539][353]LogEditorTransaction: Undo Tile Painting
[2017.09.06-10.18.51:536][833]LogSavePackage: Save=24.67ms
[2017.09.06-10.18.51:536][833]LogSavePackage: Moving '../../../../../../Users/m.hawari41/Documents/Unreal Projects/MHawari_Tutorial1/Saved/spritesheet-32x-clean_TileMapBF26951E4B35AF6836448183CA0C2D63.tmp' to '../../../../../../Users/m.hawari41/Documents/Unreal Projects/MHawari_Tutorial1/Content/2DSideScrollerBP/spritesheet-32x-clean_TileMap.uasset'
[2017.09.06-10.18.51:543][833]LogSavePackage:Display: Finished SavePackage ../../../../../../Users/m.hawari41/Documents/Unreal Projects/MHawari_Tutorial1/Content/2DSideScrollerBP/spritesheet-32x-clean_TileMap.uasset
[2017.09.06-10.19.56:694][912]LogEditorViewport: Clicking on Actor (LMB): PaperSpriteActor (Background_Sprite)
[2017.09.06-10.19.59:491][101]Cmd: TRANSACTION UNDO
[2017.09.06-10.19.59:491][101]LogEditorTransaction: Undo Clicking on Actors
[2017.09.06-10.20.01:354][243]LogEditorViewport: Clicking on Actor (context menu): PaperSpriteActor (Background_Sprite)
[2017.09.06-10.20.02:789][337]Cmd: TRANSACTION UNDO
[2017.09.06-10.20.02:789][337]LogEditorTransaction: Undo Clicking on Actors (context menu)
[2017.09.06-10.20.04:374][448]Cmd: TRANSACTION UNDO
[2017.09.06-10.20.04:374][448]LogEditorTransaction: Undo Create Actors
[2017.09.06-10.21.14:217][487]LogEditorViewport: Clicking on Actor (LMB): PaperSpriteActor (Background_Sprite)
[2017.09.06-10.21.16:554][763]LogEditorViewport: Clicking on Actor (LMB): PaperSpriteActor (Background_Sprite)
[2017.09.06-10.21.20:213][200]Cmd: TRANSACTION UNDO
[2017.09.06-10.21.20:213][200]LogEditorTransaction: Undo Clicking on Actors
[2017.09.06-10.21.21:191][264]Cmd: TRANSACTION UNDO
[2017.09.06-10.21.21:191][264]LogEditorTransaction: Undo Clicking on Actors
[2017.09.06-10.22.21:304][971]LogEditorViewport: Clicking on Actor (LMB): PaperSpriteActor (Background_Sprite)
[2017.09.06-10.22.25:691][437]LogTemp: Repeting last play command: Selected Viewport
[2017.09.06-10.22.25:711][437]LogBlueprintUserMessages: Early PlayInEditor Detection: Level '/Game/2DSideScrollerBP/Maps/2DSideScrollerExampleMap.2DSideScrollerExampleMap:PersistentLevel' has LevelScriptBlueprint '/Game/2DSideScrollerBP/Maps/2DSideScrollerExampleMap.2DSideScrollerExampleMap:PersistentLevel.2DSideScrollerExampleMap' with GeneratedClass '/Game/2DSideScrollerBP/Maps/2DSideScrollerExampleMap.2DSideScrollerExampleMap_C' with ClassGeneratedBy '/Game/2DSideScrollerBP/Maps/2DSideScrollerExampleMap.2DSideScrollerExampleMap:PersistentLevel.2DSideScrollerExampleMap'
[2017.09.06-10.22.25:711][437]LogPlayLevel: PlayLevel: No blueprints needed recompiling
[2017.09.06-10.22.25:711][437]PIE: New page: PIE session: 2DSideScrollerExampleMap (Sep 7, 2017, 12:22:25 AM)
[2017.09.06-10.22.25:711][437]LogPlayLevel: Creating play world package: /Game/2DSideScrollerBP/Maps/UEDPIE_0_2DSideScrollerExampleMap
[2017.09.06-10.22.25:722][437]LogPlayLevel: PIE: StaticDuplicateObject took: (0.010942s)
[2017.09.06-10.22.25:723][437]LogAIModule: Creating AISystem for world 2DSideScrollerExampleMap
[2017.09.06-10.22.25:724][437]LogPlayLevel: PIE: World Init took: (0.001063s)
[2017.09.06-10.22.25:724][437]LogPlayLevel: PIE: Created PIE world by copying editor world from /Game/2DSideScrollerBP/Maps/2DSideScrollerExampleMap.2DSideScrollerExampleMap to /Game/2DSideScrollerBP/Maps/UEDPIE_0_2DSideScrollerExampleMap.2DSideScrollerExampleMap (0.012297s)
[2017.09.06-10.22.25:758][437]LogInit: XAudio2 using 'Realtek Digital Output (Realtek High Definition Audio)' : 2 channels at 48 kHz using 16 bits per sample (channel mask 0x3)
[2017.09.06-10.22.25:772][437]LogInit: FAudioDevice initialized.
[2017.09.06-10.22.25:807][437]LogLoad: Game class is '2DSideScrollerGameMode_C'
[2017.09.06-10.22.25:810][437]LogWorld: Bringing World /Game/2DSideScrollerBP/Maps/UEDPIE_0_2DSideScrollerExampleMap.2DSideScrollerExampleMap up for play (max tick rate 0) at 2017.09.06-17.22.25
[2017.09.06-10.22.25:810][437]LogWorld: Bringing up level for play took: 0.002476
[2017.09.06-10.22.25:811][437]PIE: Info Play in editor start time for /Game/2DSideScrollerBP/Maps/UEDPIE_0_2DSideScrollerExampleMap 0.061
[2017.09.06-10.22.25:812][437]LogBlueprintUserMessages: Late PlayInEditor Detection: Level '/Game/2DSideScrollerBP/Maps/2DSideScrollerExampleMap.2DSideScrollerExampleMap:PersistentLevel' has LevelScriptBlueprint '/Game/2DSideScrollerBP/Maps/2DSideScrollerExampleMap.2DSideScrollerExampleMap:PersistentLevel.2DSideScrollerExampleMap' with GeneratedClass '/Game/2DSideScrollerBP/Maps/2DSideScrollerExampleMap.2DSideScrollerExampleMap_C' with ClassGeneratedBy '/Game/2DSideScrollerBP/Maps/2DSideScrollerExampleMap.2DSideScrollerExampleMap:PersistentLevel.2DSideScrollerExampleMap'
[2017.09.06-10.22.34:312][175]LogBlueprintUserMessages: Early EndPlayMap Detection: Level '/Game/2DSideScrollerBP/Maps/2DSideScrollerExampleMap.2DSideScrollerExampleMap:PersistentLevel' has LevelScriptBlueprint '/Game/2DSideScrollerBP/Maps/2DSideScrollerExampleMap.2DSideScrollerExampleMap:PersistentLevel.2DSideScrollerExampleMap' with GeneratedClass '/Game/2DSideScrollerBP/Maps/2DSideScrollerExampleMap.2DSideScrollerExampleMap_C' with ClassGeneratedBy '/Game/2DSideScrollerBP/Maps/2DSideScrollerExampleMap.2DSideScrollerExampleMap:PersistentLevel.2DSideScrollerExampleMap'
[2017.09.06-10.22.34:410][175]LogBlueprintUserMessages: Late EndPlayMap Detection: Level '/Game/2DSideScrollerBP/Maps/2DSideScrollerExampleMap.2DSideScrollerExampleMap:PersistentLevel' has LevelScriptBlueprint '/Game/2DSideScrollerBP/Maps/2DSideScrollerExampleMap.2DSideScrollerExampleMap:PersistentLevel.2DSideScrollerExampleMap' with GeneratedClass '/Game/2DSideScrollerBP/Maps/2DSideScrollerExampleMap.2DSideScrollerExampleMap_C' with ClassGeneratedBy '/Game/2DSideScrollerBP/Maps/2DSideScrollerExampleMap.2DSideScrollerExampleMap:PersistentLevel.2DSideScrollerExampleMap'
[2017.09.06-10.22.37:982][348]LogEditorViewport: Clicking on Actor (LMB): PaperTileMapActor (spritesheet-32x-clean_TileMap)
[2017.09.06-10.22.38:061][348]LogEditorViewport: Clicking on Component (LMB): PaperTileMapComponent (RenderComponent)
[2017.09.06-10.23.13:050][375]LogSavePackage: Save=27.71ms
[2017.09.06-10.23.13:050][375]LogSavePackage: Moving '../../../../../../Users/m.hawari41/Documents/Unreal Projects/MHawari_Tutorial1/Saved/spritesheet-32x-clean_TileMapF04520CE476C4335652FC887911AD413.tmp' to '../../../../../../Users/m.hawari41/Documents/Unreal Projects/MHawari_Tutorial1/Content/2DSideScrollerBP/spritesheet-32x-clean_TileMap.uasset'
[2017.09.06-10.23.13:061][375]LogSavePackage:Display: Finished SavePackage ../../../../../../Users/m.hawari41/Documents/Unreal Projects/MHawari_Tutorial1/Content/2DSideScrollerBP/spritesheet-32x-clean_TileMap.uasset
[2017.09.06-10.23.23:658][983]Cmd: SELECT NONE
[2017.09.06-10.23.25:884][148]LogEditorViewport: Clicking on Actor (LMB): PaperTileMapActor (spritesheet-32x-clean_TileMap)
[2017.09.06-10.23.25:966][148]LogEditorViewport: Clicking on Component (LMB): PaperTileMapComponent (RenderComponent)
[2017.09.06-10.23.27:243][229]LogEditorViewport: Clicking on Actor (LMB): PaperSpriteActor (Background_Sprite)
[2017.09.06-10.23.28:137][288]Cmd: SELECT NONE
[2017.09.06-10.23.28:934][358]LogEditorViewport: Clicking on Actor (LMB): PaperSpriteActor (Background_Sprite)
[2017.09.06-10.23.29:037][359]LogEditorViewport: Clicking on Component (LMB): PaperSpriteComponent (RenderComponent)
[2017.09.06-10.23.32:945][647]Cmd: TRANSACTION UNDO
[2017.09.06-10.23.32:945][647]LogEditorTransaction: Undo Move Components
[2017.09.06-10.23.34:065][726]Cmd: TRANSACTION UNDO
[2017.09.06-10.23.34:065][726]LogEditorTransaction: Undo Clicking on Components
[2017.09.06-10.23.35:218][817]LogEditorViewport: Clicking on Actor (LMB): PaperSpriteActor (RightEdge)
[2017.09.06-10.23.35:782][857]LogEditorViewport: Clicking on Actor (LMB): PaperTileMapActor (spritesheet-32x-clean_TileMap)
[2017.09.06-10.23.35:855][858]LogEditorViewport: Clicking on Actor (double click): PaperTileMapActor (spritesheet-32x-clean_TileMap)
[2017.09.06-10.23.42:210][376]LogEditorViewport: Clicking Background
[2017.09.06-10.23.42:520][393]LogEditorViewport: Clicking Background
[2017.09.06-10.23.47:123][756]LogTemp: Repeting last play command: Selected Viewport
[2017.09.06-10.23.47:152][756]LogBlueprintUserMessages: Early PlayInEditor Detection: Level '/Game/2DSideScrollerBP/Maps/2DSideScrollerExampleMap.2DSideScrollerExampleMap:PersistentLevel' has LevelScriptBlueprint '/Game/2DSideScrollerBP/Maps/2DSideScrollerExampleMap.2DSideScrollerExampleMap:PersistentLevel.2DSideScrollerExampleMap' with GeneratedClass '/Game/2DSideScrollerBP/Maps/2DSideScrollerExampleMap.2DSideScrollerExampleMap_C' with ClassGeneratedBy '/Game/2DSideScrollerBP/Maps/2DSideScrollerExampleMap.2DSideScrollerExampleMap:PersistentLevel.2DSideScrollerExampleMap'
[2017.09.06-10.23.47:152][756]LogPlayLevel: PlayLevel: No blueprints needed recompiling
[2017.09.06-10.23.47:152][756]PIE: New page: PIE session: 2DSideScrollerExampleMap (Sep 7, 2017, 12:23:47 AM)
[2017.09.06-10.23.47:152][756]LogPlayLevel: Creating play world package: /Game/2DSideScrollerBP/Maps/UEDPIE_0_2DSideScrollerExampleMap
[2017.09.06-10.23.47:158][756]LogPlayLevel: PIE: StaticDuplicateObject took: (0.005331s)
[2017.09.06-10.23.47:159][756]LogAIModule: Creating AISystem for world 2DSideScrollerExampleMap
[2017.09.06-10.23.47:159][756]LogPlayLevel: PIE: World Init took: (0.001278s)
[2017.09.06-10.23.47:159][756]LogPlayLevel: PIE: Created PIE world by copying editor world from /Game/2DSideScrollerBP/Maps/2DSideScrollerExampleMap.2DSideScrollerExampleMap to /Game/2DSideScrollerBP/Maps/UEDPIE_0_2DSideScrollerExampleMap.2DSideScrollerExampleMap (0.006984s)
[2017.09.06-10.23.47:207][756]LogInit: XAudio2 using 'Realtek Digital Output (Realtek High Definition Audio)' : 2 channels at 48 kHz using 16 bits per sample (channel mask 0x3)
[2017.09.06-10.23.47:224][756]LogInit: FAudioDevice initialized.
[2017.09.06-10.23.47:262][756]LogLoad: Game class is '2DSideScrollerGameMode_C'
[2017.09.06-10.23.47:266][756]LogWorld: Bringing World /Game/2DSideScrollerBP/Maps/UEDPIE_0_2DSideScrollerExampleMap.2DSideScrollerExampleMap up for play (max tick rate 0) at 2017.09.06-17.23.47
[2017.09.06-10.23.47:266][756]LogWorld: Bringing up level for play took: 0.003173
[2017.09.06-10.23.47:268][756]PIE: Info Play in editor start time for /Game/2DSideScrollerBP/Maps/UEDPIE_0_2DSideScrollerExampleMap -0.483
[2017.09.06-10.23.47:269][756]LogBlueprintUserMessages: Late PlayInEditor Detection: Level '/Game/2DSideScrollerBP/Maps/2DSideScrollerExampleMap.2DSideScrollerExampleMap:PersistentLevel' has LevelScriptBlueprint '/Game/2DSideScrollerBP/Maps/2DSideScrollerExampleMap.2DSideScrollerExampleMap:PersistentLevel.2DSideScrollerExampleMap' with GeneratedClass '/Game/2DSideScrollerBP/Maps/2DSideScrollerExampleMap.2DSideScrollerExampleMap_C' with ClassGeneratedBy '/Game/2DSideScrollerBP/Maps/2DSideScrollerExampleMap.2DSideScrollerExampleMap:PersistentLevel.2DSideScrollerExampleMap'
[2017.09.06-10.23.55:307][594]LogBlueprintUserMessages: Early EndPlayMap Detection: Level '/Game/2DSideScrollerBP/Maps/2DSideScrollerExampleMap.2DSideScrollerExampleMap:PersistentLevel' has LevelScriptBlueprint '/Game/2DSideScrollerBP/Maps/2DSideScrollerExampleMap.2DSideScrollerExampleMap:PersistentLevel.2DSideScrollerExampleMap' with GeneratedClass '/Game/2DSideScrollerBP/Maps/2DSideScrollerExampleMap.2DSideScrollerExampleMap_C' with ClassGeneratedBy '/Game/2DSideScrollerBP/Maps/2DSideScrollerExampleMap.2DSideScrollerExampleMap:PersistentLevel.2DSideScrollerExampleMap'
[2017.09.06-10.23.55:375][594]LogBlueprintUserMessages: Late EndPlayMap Detection: Level '/Game/2DSideScrollerBP/Maps/2DSideScrollerExampleMap.2DSideScrollerExampleMap:PersistentLevel' has LevelScriptBlueprint '/Game/2DSideScrollerBP/Maps/2DSideScrollerExampleMap.2DSideScrollerExampleMap:PersistentLevel.2DSideScrollerExampleMap' with GeneratedClass '/Game/2DSideScrollerBP/Maps/2DSideScrollerExampleMap.2DSideScrollerExampleMap_C' with ClassGeneratedBy '/Game/2DSideScrollerBP/Maps/2DSideScrollerExampleMap.2DSideScrollerExampleMap:PersistentLevel.2DSideScrollerExampleMap'
[2017.09.06-10.23.59:169][868]LogEditorViewport: Clicking on Actor (LMB): PaperTileMapActor (spritesheet-32x-clean_TileMap)
[2017.09.06-10.23.59:266][869]LogEditorViewport: Clicking on Component (LMB): PaperTileMapComponent (RenderComponent)
[2017.09.06-10.24.16:764][288]Cmd: SELECT NONE
[2017.09.06-10.24.18:938][543]LogTemp: Repeting last play command: Selected Viewport
[2017.09.06-10.24.18:958][543]LogBlueprintUserMessages: Early PlayInEditor Detection: Level '/Game/2DSideScrollerBP/Maps/2DSideScrollerExampleMap.2DSideScrollerExampleMap:PersistentLevel' has LevelScriptBlueprint '/Game/2DSideScrollerBP/Maps/2DSideScrollerExampleMap.2DSideScrollerExampleMap:PersistentLevel.2DSideScrollerExampleMap' with GeneratedClass '/Game/2DSideScrollerBP/Maps/2DSideScrollerExampleMap.2DSideScrollerExampleMap_C' with ClassGeneratedBy '/Game/2DSideScrollerBP/Maps/2DSideScrollerExampleMap.2DSideScrollerExampleMap:PersistentLevel.2DSideScrollerExampleMap'
[2017.09.06-10.24.18:958][543]LogPlayLevel: PlayLevel: No blueprints needed recompiling
[2017.09.06-10.24.18:958][543]PIE: New page: PIE session: 2DSideScrollerExampleMap (Sep 7, 2017, 12:24:18 AM)
[2017.09.06-10.24.18:959][543]LogPlayLevel: Creating play world package: /Game/2DSideScrollerBP/Maps/UEDPIE_0_2DSideScrollerExampleMap
[2017.09.06-10.24.18:963][543]LogPlayLevel: PIE: StaticDuplicateObject took: (0.004094s)
[2017.09.06-10.24.18:964][543]LogAIModule: Creating AISystem for world 2DSideScrollerExampleMap
[2017.09.06-10.24.18:964][543]LogPlayLevel: PIE: World Init took: (0.000885s)
[2017.09.06-10.24.18:964][543]LogPlayLevel: PIE: Created PIE world by copying editor world from /Game/2DSideScrollerBP/Maps/2DSideScrollerExampleMap.2DSideScrollerExampleMap to /Game/2DSideScrollerBP/Maps/UEDPIE_0_2DSideScrollerExampleMap.2DSideScrollerExampleMap (0.005654s)
[2017.09.06-10.24.18:996][543]LogInit: XAudio2 using 'Realtek Digital Output (Realtek High Definition Audio)' : 2 channels at 48 kHz using 16 bits per sample (channel mask 0x3)
[2017.09.06-10.24.19:010][543]LogInit: FAudioDevice initialized.
[2017.09.06-10.24.19:044][543]LogLoad: Game class is '2DSideScrollerGameMode_C'
[2017.09.06-10.24.19:047][543]LogWorld: Bringing World /Game/2DSideScrollerBP/Maps/UEDPIE_0_2DSideScrollerExampleMap.2DSideScrollerExampleMap up for play (max tick rate 0) at 2017.09.06-17.24.19
[2017.09.06-10.24.19:048][543]LogWorld: Bringing up level for play took: 0.002720
[2017.09.06-10.24.19:049][543]PIE: Info Play in editor start time for /Game/2DSideScrollerBP/Maps/UEDPIE_0_2DSideScrollerExampleMap -0.702
[2017.09.06-10.24.19:049][543]LogBlueprintUserMessages: Late PlayInEditor Detection: Level '/Game/2DSideScrollerBP/Maps/2DSideScrollerExampleMap.2DSideScrollerExampleMap:PersistentLevel' has LevelScriptBlueprint '/Game/2DSideScrollerBP/Maps/2DSideScrollerExampleMap.2DSideScrollerExampleMap:PersistentLevel.2DSideScrollerExampleMap' with GeneratedClass '/Game/2DSideScrollerBP/Maps/2DSideScrollerExampleMap.2DSideScrollerExampleMap_C' with ClassGeneratedBy '/Game/2DSideScrollerBP/Maps/2DSideScrollerExampleMap.2DSideScrollerExampleMap:PersistentLevel.2DSideScrollerExampleMap'
[2017.09.06-10.24.25:093][979]LogBlueprintUserMessages: Early EndPlayMap Detection: Level '/Game/2DSideScrollerBP/Maps/2DSideScrollerExampleMap.2DSideScrollerExampleMap:PersistentLevel' has LevelScriptBlueprint '/Game/2DSideScrollerBP/Maps/2DSideScrollerExampleMap.2DSideScrollerExampleMap:PersistentLevel.2DSideScrollerExampleMap' with GeneratedClass '/Game/2DSideScrollerBP/Maps/2DSideScrollerExampleMap.2DSideScrollerExampleMap_C' with ClassGeneratedBy '/Game/2DSideScrollerBP/Maps/2DSideScrollerExampleMap.2DSideScrollerExampleMap:PersistentLevel.2DSideScrollerExampleMap'
[2017.09.06-10.24.25:136][979]LogBlueprintUserMessages: Late EndPlayMap Detection: Level '/Game/2DSideScrollerBP/Maps/2DSideScrollerExampleMap.2DSideScrollerExampleMap:PersistentLevel' has LevelScriptBlueprint '/Game/2DSideScrollerBP/Maps/2DSideScrollerExampleMap.2DSideScrollerExampleMap:PersistentLevel.2DSideScrollerExampleMap' with GeneratedClass '/Game/2DSideScrollerBP/Maps/2DSideScrollerExampleMap.2DSideScrollerExampleMap_C' with ClassGeneratedBy '/Game/2DSideScrollerBP/Maps/2DSideScrollerExampleMap.2DSideScrollerExampleMap:PersistentLevel.2DSideScrollerExampleMap'
[2017.09.06-10.24.25:614][  2]Cmd: SELECT NONE
[2017.09.06-10.24.27:427][104]LogEditorViewport: Clicking on Actor (context menu): PaperTileMapActor (spritesheet-32x-clean_TileMap)
[2017.09.06-10.24.39:930][596]LogEditorViewport: Clicking on Actor (LMB): PaperTileMapActor (spritesheet-32x-clean_TileMap)
[2017.09.06-10.24.44:553][945]LogEditorViewport: Clicking on Actor (LMB): PaperSpriteActor (Ledge_14)
[2017.09.06-10.24.47:189][139]LogEditorViewport: Clicking on Actor (LMB): PaperTileMapActor (spritesheet-32x-clean_TileMap)
[2017.09.06-10.24.50:169][376]LogTemp: Repeting last play command: Selected Viewport
[2017.09.06-10.24.50:193][376]LogBlueprintUserMessages: Early PlayInEditor Detection: Level '/Game/2DSideScrollerBP/Maps/2DSideScrollerExampleMap.2DSideScrollerExampleMap:PersistentLevel' has LevelScriptBlueprint '/Game/2DSideScrollerBP/Maps/2DSideScrollerExampleMap.2DSideScrollerExampleMap:PersistentLevel.2DSideScrollerExampleMap' with GeneratedClass '/Game/2DSideScrollerBP/Maps/2DSideScrollerExampleMap.2DSideScrollerExampleMap_C' with ClassGeneratedBy '/Game/2DSideScrollerBP/Maps/2DSideScrollerExampleMap.2DSideScrollerExampleMap:PersistentLevel.2DSideScrollerExampleMap'
[2017.09.06-10.24.50:193][376]LogPlayLevel: PlayLevel: No blueprints needed recompiling
[2017.09.06-10.24.50:193][376]PIE: New page: PIE session: 2DSideScrollerExampleMap (Sep 7, 2017, 12:24:50 AM)
[2017.09.06-10.24.50:193][376]LogPlayLevel: Creating play world package: /Game/2DSideScrollerBP/Maps/UEDPIE_0_2DSideScrollerExampleMap
[2017.09.06-10.24.50:198][376]LogPlayLevel: PIE: StaticDuplicateObject took: (0.005056s)
[2017.09.06-10.24.50:199][376]LogAIModule: Creating AISystem for world 2DSideScrollerExampleMap
[2017.09.06-10.24.50:199][376]LogPlayLevel: PIE: World Init took: (0.001063s)
[2017.09.06-10.24.50:200][376]LogPlayLevel: PIE: Created PIE world by copying editor world from /Game/2DSideScrollerBP/Maps/2DSideScrollerExampleMap.2DSideScrollerExampleMap to /Game/2DSideScrollerBP/Maps/UEDPIE_0_2DSideScrollerExampleMap.2DSideScrollerExampleMap (0.006568s)
[2017.09.06-10.24.50:247][376]LogInit: XAudio2 using 'Realtek Digital Output (Realtek High Definition Audio)' : 2 channels at 48 kHz using 16 bits per sample (channel mask 0x3)
[2017.09.06-10.24.50:262][376]LogInit: FAudioDevice initialized.
[2017.09.06-10.24.50:298][376]LogLoad: Game class is '2DSideScrollerGameMode_C'
[2017.09.06-10.24.50:301][376]LogWorld: Bringing World /Game/2DSideScrollerBP/Maps/UEDPIE_0_2DSideScrollerExampleMap.2DSideScrollerExampleMap up for play (max tick rate 0) at 2017.09.06-17.24.50
[2017.09.06-10.24.50:302][376]LogWorld: Bringing up level for play took: 0.002722
[2017.09.06-10.24.50:303][376]PIE: Info Play in editor start time for /Game/2DSideScrollerBP/Maps/UEDPIE_0_2DSideScrollerExampleMap 0.551
[2017.09.06-10.24.50:304][376]LogBlueprintUserMessages: Late PlayInEditor Detection: Level '/Game/2DSideScrollerBP/Maps/2DSideScrollerExampleMap.2DSideScrollerExampleMap:PersistentLevel' has LevelScriptBlueprint '/Game/2DSideScrollerBP/Maps/2DSideScrollerExampleMap.2DSideScrollerExampleMap:PersistentLevel.2DSideScrollerExampleMap' with GeneratedClass '/Game/2DSideScrollerBP/Maps/2DSideScrollerExampleMap.2DSideScrollerExampleMap_C' with ClassGeneratedBy '/Game/2DSideScrollerBP/Maps/2DSideScrollerExampleMap.2DSideScrollerExampleMap:PersistentLevel.2DSideScrollerExampleMap'
[2017.09.06-10.24.55:698][993]LogBlueprintUserMessages: Early EndPlayMap Detection: Level '/Game/2DSideScrollerBP/Maps/2DSideScrollerExampleMap.2DSideScrollerExampleMap:PersistentLevel' has LevelScriptBlueprint '/Game/2DSideScrollerBP/Maps/2DSideScrollerExampleMap.2DSideScrollerExampleMap:PersistentLevel.2DSideScrollerExampleMap' with GeneratedClass '/Game/2DSideScrollerBP/Maps/2DSideScrollerExampleMap.2DSideScrollerExampleMap_C' with ClassGeneratedBy '/Game/2DSideScrollerBP/Maps/2DSideScrollerExampleMap.2DSideScrollerExampleMap:PersistentLevel.2DSideScrollerExampleMap'
[2017.09.06-10.24.55:766][993]LogBlueprintUserMessages: Late EndPlayMap Detection: Level '/Game/2DSideScrollerBP/Maps/2DSideScrollerExampleMap.2DSideScrollerExampleMap:PersistentLevel' has LevelScriptBlueprint '/Game/2DSideScrollerBP/Maps/2DSideScrollerExampleMap.2DSideScrollerExampleMap:PersistentLevel.2DSideScrollerExampleMap' with GeneratedClass '/Game/2DSideScrollerBP/Maps/2DSideScrollerExampleMap.2DSideScrollerExampleMap_C' with ClassGeneratedBy '/Game/2DSideScrollerBP/Maps/2DSideScrollerExampleMap.2DSideScrollerExampleMap:PersistentLevel.2DSideScrollerExampleMap'
[2017.09.06-10.25.02:635][651]LogEditorViewport: Clicking on Actor (context menu): PaperTileMapActor (spritesheet-32x-clean_TileMap)
[2017.09.06-10.25.06:052][944]LogSlate: Took 0.065348 seconds to synchronously load lazily loaded font '../../../Engine/Content/Editor/Slate/Fonts/Roboto-Italic.ttf' (157K)
[2017.09.06-10.25.07:005][985]LogEditorViewport: Clicking on Actor (LMB): PaperSpriteActor (Background_Sprite)
[2017.09.06-10.25.14:021][285]LogEditorViewport: Clicking on Actor (LMB): PaperTileMapActor (spritesheet-32x-clean_TileMap)
[2017.09.06-10.25.52:123][303]LogTemp: Repeting last play command: Selected Viewport
[2017.09.06-10.25.52:151][303]LogBlueprintUserMessages: Early PlayInEditor Detection: Level '/Game/2DSideScrollerBP/Maps/2DSideScrollerExampleMap.2DSideScrollerExampleMap:PersistentLevel' has LevelScriptBlueprint '/Game/2DSideScrollerBP/Maps/2DSideScrollerExampleMap.2DSideScrollerExampleMap:PersistentLevel.2DSideScrollerExampleMap' with GeneratedClass '/Game/2DSideScrollerBP/Maps/2DSideScrollerExampleMap.2DSideScrollerExampleMap_C' with ClassGeneratedBy '/Game/2DSideScrollerBP/Maps/2DSideScrollerExampleMap.2DSideScrollerExampleMap:PersistentLevel.2DSideScrollerExampleMap'
[2017.09.06-10.25.52:151][303]LogPlayLevel: PlayLevel: No blueprints needed recompiling
[2017.09.06-10.25.52:152][303]PIE: New page: PIE session: 2DSideScrollerExampleMap (Sep 7, 2017, 12:25:52 AM)
[2017.09.06-10.25.52:152][303]LogPlayLevel: Creating play world package: /Game/2DSideScrollerBP/Maps/UEDPIE_0_2DSideScrollerExampleMap
[2017.09.06-10.25.52:157][303]LogPlayLevel: PIE: StaticDuplicateObject took: (0.005430s)
[2017.09.06-10.25.52:159][303]LogAIModule: Creating AISystem for world 2DSideScrollerExampleMap
[2017.09.06-10.25.52:159][303]LogPlayLevel: PIE: World Init took: (0.001998s)
[2017.09.06-10.25.52:160][303]LogPlayLevel: PIE: Created PIE world by copying editor world from /Game/2DSideScrollerBP/Maps/2DSideScrollerExampleMap.2DSideScrollerExampleMap to /Game/2DSideScrollerBP/Maps/UEDPIE_0_2DSideScrollerExampleMap.2DSideScrollerExampleMap (0.007861s)
[2017.09.06-10.25.52:213][303]LogInit: XAudio2 using 'Realtek Digital Output (Realtek High Definition Audio)' : 2 channels at 48 kHz using 16 bits per sample (channel mask 0x3)
[2017.09.06-10.25.52:230][303]LogInit: FAudioDevice initialized.
[2017.09.06-10.25.52:266][303]LogLoad: Game class is '2DSideScrollerGameMode_C'
[2017.09.06-10.25.52:270][303]LogWorld: Bringing World /Game/2DSideScrollerBP/Maps/UEDPIE_0_2DSideScrollerExampleMap.2DSideScrollerExampleMap up for play (max tick rate 0) at 2017.09.06-17.25.52
[2017.09.06-10.25.52:270][303]LogWorld: Bringing up level for play took: 0.003355
[2017.09.06-10.25.52:272][303]PIE: Info Play in editor start time for /Game/2DSideScrollerBP/Maps/UEDPIE_0_2DSideScrollerExampleMap 0.52
[2017.09.06-10.25.52:272][303]LogBlueprintUserMessages: Late PlayInEditor Detection: Level '/Game/2DSideScrollerBP/Maps/2DSideScrollerExampleMap.2DSideScrollerExampleMap:PersistentLevel' has LevelScriptBlueprint '/Game/2DSideScrollerBP/Maps/2DSideScrollerExampleMap.2DSideScrollerExampleMap:PersistentLevel.2DSideScrollerExampleMap' with GeneratedClass '/Game/2DSideScrollerBP/Maps/2DSideScrollerExampleMap.2DSideScrollerExampleMap_C' with ClassGeneratedBy '/Game/2DSideScrollerBP/Maps/2DSideScrollerExampleMap.2DSideScrollerExampleMap:PersistentLevel.2DSideScrollerExampleMap'
[2017.09.06-10.26.00:877][823]LogBlueprintUserMessages: Early EndPlayMap Detection: Level '/Game/2DSideScrollerBP/Maps/2DSideScrollerExampleMap.2DSideScrollerExampleMap:PersistentLevel' has LevelScriptBlueprint '/Game/2DSideScrollerBP/Maps/2DSideScrollerExampleMap.2DSideScrollerExampleMap:PersistentLevel.2DSideScrollerExampleMap' with GeneratedClass '/Game/2DSideScrollerBP/Maps/2DSideScrollerExampleMap.2DSideScrollerExampleMap_C' with ClassGeneratedBy '/Game/2DSideScrollerBP/Maps/2DSideScrollerExampleMap.2DSideScrollerExampleMap:PersistentLevel.2DSideScrollerExampleMap'
[2017.09.06-10.26.00:986][823]LogBlueprintUserMessages: Late EndPlayMap Detection: Level '/Game/2DSideScrollerBP/Maps/2DSideScrollerExampleMap.2DSideScrollerExampleMap:PersistentLevel' has LevelScriptBlueprint '/Game/2DSideScrollerBP/Maps/2DSideScrollerExampleMap.2DSideScrollerExampleMap:PersistentLevel.2DSideScrollerExampleMap' with GeneratedClass '/Game/2DSideScrollerBP/Maps/2DSideScrollerExampleMap.2DSideScrollerExampleMap_C' with ClassGeneratedBy '/Game/2DSideScrollerBP/Maps/2DSideScrollerExampleMap.2DSideScrollerExampleMap:PersistentLevel.2DSideScrollerExampleMap'
[2017.09.06-10.26.12:798][378]LogEditorViewport: Clicking on Actor (LMB): PaperSpriteActor (Background_Sprite)
[2017.09.06-10.26.12:957][379]LogEditorViewport: Clicking on Component (LMB): PaperSpriteComponent (RenderComponent)
[2017.09.06-10.26.17:499][623]Cmd: TRANSACTION UNDO
[2017.09.06-10.26.17:499][623]LogEditorTransaction: Undo Move Components
[2017.09.06-10.26.18:483][671]LogEditorViewport: Clicking on Component (LMB): PaperSpriteComponent (RenderComponent)
[2017.09.06-10.26.18:554][673]LogEditorViewport: Clicking on Actor (double click): PaperSpriteActor (Background_Sprite)
[2017.09.06-10.26.19:467][720]LogEditorViewport: Clicking on Actor (LMB): PaperSpriteActor (Background_Sprite)
[2017.09.06-10.26.19:557][723]LogEditorViewport: Clicking on Component (LMB): PaperSpriteComponent (RenderComponent)
[2017.09.06-10.26.21:952][854]LogEditorViewport: Clicking on Actor (LMB): PaperSpriteActor (RightEdge)
[2017.09.06-10.26.22:012][854]LogEditorViewport: Clicking on Component (LMB): PaperSpriteComponent (RenderComponent)
[2017.09.06-10.26.22:738][889]LogEditorViewport: Clicking Background
[2017.09.06-10.26.23:777][968]LogEditorViewport: Clicking on Actor (LMB): PaperSpriteActor (Background_Sprite)
[2017.09.06-10.26.23:879][969]LogEditorViewport: Clicking on Component (LMB): PaperSpriteComponent (RenderComponent)
[2017.09.06-10.26.24:390][  0]Cmd: SELECT NONE
[2017.09.06-10.26.24:862][ 40]LogEditorViewport: Clicking on Actor (LMB): PaperTileMapActor (spritesheet-32x-clean_TileMap)
[2017.09.06-10.26.24:974][ 41]LogEditorViewport: Clicking on Component (LMB): PaperTileMapComponent (RenderComponent)
[2017.09.06-10.26.31:794][568]Cmd: SELECT NONE
[2017.09.06-10.27.00:624][558]LogSourceControl:Error: '../../../../../../Users/m.hawari41/Documents/Unreal Projects/MHawari_Tutorial1/' is not part of a Git repository
[2017.09.06-10.27.10:403][849]LogSourceControl:Error: '../../../../../../Users/m.hawari41/Documents/Unreal Projects/MHawari_Tutorial1/' is not part of a Git repository
[2017.09.06-10.27.21:739][227]LogSourceControl:Error: '../../../../../../Users/m.hawari41/Documents/Unreal Projects/MHawari_Tutorial1/' is not part of a Git repository
[2017.09.06-10.27.52:490][897]LogSourceControl:Error: '../../../../../../Users/m.hawari41/Documents/Unreal Projects/MHawari_Tutorial1/' is not part of a Git repository
[2017.09.06-10.27.53:027][925]SourceControl:Error: Error fatal: Not a git repository: 'C:/Users/m.hawari41/Documents/Unreal Projects/MHawari_Tutorial1/.git'
[2017.09.06-10.27.53:027][925]SourceControl:Error: Error Failed to enable Git source control. You need to initialize the project as a Git repository first.
[2017.09.06-10.28.10:318][402]SourceControl: Info Source control is disabled
[2017.09.06-10.28.40:237][338]LogSavePackage: Save=250.26ms
[2017.09.06-10.28.40:237][338]LogSavePackage: Moving '../../../../../../Users/m.hawari41/Documents/Unreal Projects/MHawari_Tutorial1/Saved/2DSideScrollerExampleMap_Auto5E6F0BF484700EAA1DAC542908125CA16.tmp' to '../../../../../../Users/m.hawari41/Documents/Unreal Projects/MHawari_Tutorial1/Saved/Autosaves/Game/2DSideScrollerBP/Maps/2DSideScrollerExampleMap_Auto5.umap'
[2017.09.06-10.28.40:240][338]LogSavePackage:Display: Finished SavePackage ../../../../../../Users/m.hawari41/Documents/Unreal Projects/MHawari_Tutorial1/Saved/Autosaves/Game/2DSideScrollerBP/Maps/2DSideScrollerExampleMap_Auto5.umap
[2017.09.06-10.28.40:253][338]LogFileHelpers: Editor autosave (incl. sublevels) for '/Game/2DSideScrollerBP/Maps/2DSideScrollerExampleMap' took 0.353
[2017.09.06-10.28.40:253][338]LogFileHelpers: Editor autosave (incl. sublevels) for all levels took 0.353
[2017.09.06-10.29.23:079][753]LogSavePackage: Save=24.57ms
[2017.09.06-10.29.23:079][753]LogSavePackage: Moving '../../../../../../Users/m.hawari41/Documents/Unreal Projects/MHawari_Tutorial1/Saved/spritesheet-32x-clean_TileMap131E8E05A4243F92BBC8E18A202086A02.tmp' to '../../../../../../Users/m.hawari41/Documents/Unreal Projects/MHawari_Tutorial1/Content/2DSideScrollerBP/spritesheet-32x-clean_TileMap1.uasset'
[2017.09.06-10.29.23:091][753]LogSavePackage:Display: Finished SavePackage ../../../../../../Users/m.hawari41/Documents/Unreal Projects/MHawari_Tutorial1/Content/2DSideScrollerBP/spritesheet-32x-clean_TileMap1.uasset
[2017.09.06-10.30.27:132][886]LogEditorViewport: Clicking on Actor (LMB): PaperSpriteActor (Background_Sprite)
[2017.09.06-10.30.27:291][887]LogEditorViewport: Clicking on Component (LMB): PaperSpriteComponent (RenderComponent)
[2017.09.06-10.30.29:599][994]LogEditorViewport: Clicking on Actor (LMB): PaperSpriteActor (Ledge_28)
[2017.09.06-10.30.29:678][994]LogEditorViewport: Clicking on Component (LMB): PaperSpriteComponent (RenderComponent)
[2017.09.06-10.30.31:162][ 61]LogEditorViewport: Clicking on Actor (LMB): PaperSpriteActor (Background_Sprite)
[2017.09.06-10.30.31:234][ 61]LogEditorViewport: Clicking on Component (LMB): PaperSpriteComponent (RenderComponent)
[2017.09.06-10.30.38:432][390]Cmd: TRANSACTION UNDO
[2017.09.06-10.30.38:432][390]LogEditorTransaction: Undo Scale Components
[2017.09.06-10.30.38:807][404]Cmd: TRANSACTION UNDO
[2017.09.06-10.30.38:807][404]LogEditorTransaction: Undo Clicking on Components
[2017.09.06-10.30.39:569][435]Cmd: TRANSACTION UNDO
[2017.09.06-10.30.39:569][435]LogEditorTransaction: Undo Clicking on Actors
[2017.09.06-10.30.40:814][490]Cmd: TRANSACTION UNDO
[2017.09.06-10.30.40:814][490]LogEditorTransaction: Undo Clicking on Components
[2017.09.06-10.30.41:306][509]Cmd: TRANSACTION UNDO
[2017.09.06-10.30.41:307][509]LogEditorTransaction: Undo Clicking on Actors
[2017.09.06-10.30.42:367][554]Cmd: TRANSACTION UNDO
[2017.09.06-10.30.42:367][554]LogEditorTransaction: Undo Clicking on Components
[2017.09.06-10.30.42:948][577]Cmd: TRANSACTION UNDO
[2017.09.06-10.30.42:948][577]LogEditorTransaction: Undo Clicking on Actors
[2017.09.06-10.31.14:853][298]Cmd: SELECT NONE
[2017.09.06-10.31.16:079][368]LogTemp: Repeting last play command: Selected Viewport
[2017.09.06-10.31.16:128][368]LogBlueprintUserMessages: Early PlayInEditor Detection: Level '/Game/2DSideScrollerBP/Maps/2DSideScrollerExampleMap.2DSideScrollerExampleMap:PersistentLevel' has LevelScriptBlueprint '/Game/2DSideScrollerBP/Maps/2DSideScrollerExampleMap.2DSideScrollerExampleMap:PersistentLevel.2DSideScrollerExampleMap' with GeneratedClass '/Game/2DSideScrollerBP/Maps/2DSideScrollerExampleMap.2DSideScrollerExampleMap_C' with ClassGeneratedBy '/Game/2DSideScrollerBP/Maps/2DSideScrollerExampleMap.2DSideScrollerExampleMap:PersistentLevel.2DSideScrollerExampleMap'
[2017.09.06-10.31.16:128][368]LogPlayLevel: PlayLevel: No blueprints needed recompiling
[2017.09.06-10.31.16:129][368]PIE: New page: PIE session: 2DSideScrollerExampleMap (Sep 7, 2017, 12:31:16 AM)
[2017.09.06-10.31.16:129][368]LogPlayLevel: Creating play world package: /Game/2DSideScrollerBP/Maps/UEDPIE_0_2DSideScrollerExampleMap
[2017.09.06-10.31.16:143][368]LogPlayLevel: PIE: StaticDuplicateObject took: (0.013454s)
[2017.09.06-10.31.16:145][368]LogAIModule: Creating AISystem for world 2DSideScrollerExampleMap
[2017.09.06-10.31.16:145][368]LogPlayLevel: PIE: World Init took: (0.002498s)
[2017.09.06-10.31.16:146][368]LogPlayLevel: PIE: Created PIE world by copying editor world from /Game/2DSideScrollerBP/Maps/2DSideScrollerExampleMap.2DSideScrollerExampleMap to /Game/2DSideScrollerBP/Maps/UEDPIE_0_2DSideScrollerExampleMap.2DSideScrollerExampleMap (0.016846s)
[2017.09.06-10.31.16:231][368]LogInit: XAudio2 using 'Realtek Digital Output (Realtek High Definition Audio)' : 2 channels at 48 kHz using 16 bits per sample (channel mask 0x3)
[2017.09.06-10.31.16:262][368]LogInit: FAudioDevice initialized.
[2017.09.06-10.31.16:304][368]LogLoad: Game class is '2DSideScrollerGameMode_C'
[2017.09.06-10.31.16:311][368]LogWorld: Bringing World /Game/2DSideScrollerBP/Maps/UEDPIE_0_2DSideScrollerExampleMap.2DSideScrollerExampleMap up for play (max tick rate 0) at 2017.09.06-17.31.16
[2017.09.06-10.31.16:312][368]LogWorld: Bringing up level for play took: 0.005938
[2017.09.06-10.31.16:315][368]PIE: Info Play in editor start time for /Game/2DSideScrollerBP/Maps/UEDPIE_0_2DSideScrollerExampleMap 0.558
[2017.09.06-10.31.16:316][368]LogBlueprintUserMessages: Late PlayInEditor Detection: Level '/Game/2DSideScrollerBP/Maps/2DSideScrollerExampleMap.2DSideScrollerExampleMap:PersistentLevel' has LevelScriptBlueprint '/Game/2DSideScrollerBP/Maps/2DSideScrollerExampleMap.2DSideScrollerExampleMap:PersistentLevel.2DSideScrollerExampleMap' with GeneratedClass '/Game/2DSideScrollerBP/Maps/2DSideScrollerExampleMap.2DSideScrollerExampleMap_C' with ClassGeneratedBy '/Game/2DSideScrollerBP/Maps/2DSideScrollerExampleMap.2DSideScrollerExampleMap:PersistentLevel.2DSideScrollerExampleMap'
[2017.09.06-10.32.16:963][168]LogBlueprintUserMessages: Early EndPlayMap Detection: Level '/Game/2DSideScrollerBP/Maps/2DSideScrollerExampleMap.2DSideScrollerExampleMap:PersistentLevel' has LevelScriptBlueprint '/Game/2DSideScrollerBP/Maps/2DSideScrollerExampleMap.2DSideScrollerExampleMap:PersistentLevel.2DSideScrollerExampleMap' with GeneratedClass '/Game/2DSideScrollerBP/Maps/2DSideScrollerExampleMap.2DSideScrollerExampleMap_C' with ClassGeneratedBy '/Game/2DSideScrollerBP/Maps/2DSideScrollerExampleMap.2DSideScrollerExampleMap:PersistentLevel.2DSideScrollerExampleMap'
[2017.09.06-10.32.17:004][168]LogBlueprintUserMessages: Late EndPlayMap Detection: Level '/Game/2DSideScrollerBP/Maps/2DSideScrollerExampleMap.2DSideScrollerExampleMap:PersistentLevel' has LevelScriptBlueprint '/Game/2DSideScrollerBP/Maps/2DSideScrollerExampleMap.2DSideScrollerExampleMap:PersistentLevel.2DSideScrollerExampleMap' with GeneratedClass '/Game/2DSideScrollerBP/Maps/2DSideScrollerExampleMap.2DSideScrollerExampleMap_C' with ClassGeneratedBy '/Game/2DSideScrollerBP/Maps/2DSideScrollerExampleMap.2DSideScrollerExampleMap:PersistentLevel.2DSideScrollerExampleMap'
[2017.09.06-10.39.42:255][298]LogSavePackage: Save=354.19ms
[2017.09.06-10.39.42:255][298]LogSavePackage: Moving '../../../../../../Users/m.hawari41/Documents/Unreal Projects/MHawari_Tutorial1/Saved/2DSideScrollerExampleMap_Auto6387409C346856639D926A9ABC38FB6F1.tmp' to '../../../../../../Users/m.hawari41/Documents/Unreal Projects/MHawari_Tutorial1/Saved/Autosaves/Game/2DSideScrollerBP/Maps/2DSideScrollerExampleMap_Auto6.umap'
[2017.09.06-10.39.42:262][298]LogSavePackage:Display: Finished SavePackage ../../../../../../Users/m.hawari41/Documents/Unreal Projects/MHawari_Tutorial1/Saved/Autosaves/Game/2DSideScrollerBP/Maps/2DSideScrollerExampleMap_Auto6.umap
[2017.09.06-10.39.42:272][298]LogFileHelpers: Editor autosave (incl. sublevels) for '/Game/2DSideScrollerBP/Maps/2DSideScrollerExampleMap' took 0.611
[2017.09.06-10.39.42:272][298]LogFileHelpers: Editor autosave (incl. sublevels) for all levels took 0.611
